<?xml version="1.0" encoding="UTF-8"?>
<!-- Generated by org.testng.reporters.JUnitXMLReporter -->
<testsuite ignored="0" hostname="DESKTOP-OFIDLPQ" failures="1" tests="7" name="smoke" time="53.342" errors="0" timestamp="2022-07-08T01:03:58 IST">
  <testcase classname="mykademy.tests.MykademyTestSuite" name="verifySignUpPage" time="5.515"/>
  <testcase classname="mykademy.tests.MykademyTestSuite" name="verifyLoginCheck" time="4.398"/>
  <testcase classname="mykademy.tests.MykademyTestSuite" name="courseCreationModuleFirstSteps" time="11.926"/>
  <testcase classname="mykademy.tests.MykademyTestSuite" name="HTMLCreationOperations" time="6.733"/>
  <testcase classname="mykademy.tests.MykademyTestSuite" name="CourseSettingsOperations" time="10.672"/>
  <testcase classname="mykademy.tests.MykademyTestSuite" name="ActivateCourseOperations" time="0.0">
    <failure type="org.testng.TestNGException" message="
Data Provider public java.lang.Object[][] mykademy.tests.TestBase.getData(java.lang.reflect.Method) returned a null value">
      <![CDATA[org.testng.TestNGException: 
at java.base/java.util.ArrayList.forEach(ArrayList.java:1511)
... Removed 25 stack frames]]>
    </failure>
  </testcase> <!-- ActivateCourseOperations -->
  <testcase classname="mykademy.tests.MykademyTestSuite" name="DeleteCourseOperations" time="10.072"/>
</testsuite> <!-- smoke -->
