<!DOCTYPE html PUBLIC "-//W3C//DTD XHTML 1.1//EN" "https://www.w3.org/TR/xhtml11/DTD/xhtml11.dtd">
<html xmlns="https://www.w3.org/1999/xhtml">
<head>
<meta http-equiv="content-type" content="text/html; charset=UTF-8"/>
<title>TestNG Report</title>
<style type="text/css">table {margin-bottom:10px;border-collapse:collapse;empty-cells:show}th,td {border:1px solid #009;padding:.25em .5em}th {vertical-align:bottom}td {vertical-align:top}table a {font-weight:bold}.stripe td {background-color: #E6EBF9}.num {text-align:right}.passedodd td {background-color: #3F3}.passedeven td {background-color: #0A0}.skippedodd td {background-color: #DDD}.skippedeven td {background-color: #CCC}.failedodd td,.attn {background-color: #F33}.failedeven td,.stripe .attn {background-color: #D00}.stacktrace {white-space:pre;font-family:monospace}.totop {font-size:85%;text-align:center;border-bottom:2px solid #000}.invisible {display:none}</style>
</head>
<body>
<table>
<tr><th>Test</th><th># Passed</th><th># Skipped</th><th># Retried</th><th># Failed</th><th>Time (ms)</th><th>Included Groups</th><th>Excluded Groups</th></tr>
<tr><th colspan="8">Suite1</th></tr>
<tr><td><a href="#t0">smoke</a></td><td class="num">15</td><td class="num">0</td><td class="num">0</td><td class="num attn">6</td><td class="num">222,897</td><td>smoke</td><td></td></tr>
</table>
<table id='summary'><thead><tr><th>Class</th><th>Method</th><th>Start</th><th>Time (ms)</th></tr></thead><tbody><tr><th colspan="4">Suite1</th></tr></tbody><tbody id="t0"><tr><th colspan="4">smoke &#8212; failed</th></tr><tr class="failedeven"><td rowspan="6">mykademy.tests.MykademyTestSuite</td><td><a href="#m0">ActivateCourseOperations</a></td><td rowspan="1">1656499586250</td><td rowspan="1">0</td></tr><tr class="failedeven"><td><a href="#m1">AssessmentCreationOperations</a></td><td rowspan="1">1656499482516</td><td rowspan="1">9351</td></tr><tr class="failedeven"><td><a href="#m2">AssignmentCreationOperations</a></td><td rowspan="1">1656499491908</td><td rowspan="1">10052</td></tr><tr class="failedeven"><td><a href="#m3">CourseSettingsOperations</a></td><td rowspan="1">1656499572958</td><td rowspan="1">13274</td></tr><tr class="failedeven"><td><a href="#m4">DeleteCourseOperations</a></td><td rowspan="1">1656499586252</td><td rowspan="1">10103</td></tr><tr class="failedeven"><td><a href="#m5">HTMLCreationOperations</a></td><td rowspan="1">1656499501965</td><td rowspan="1">19127</td></tr><tr><th colspan="4">smoke &#8212; passed</th></tr><tr class="passedeven"><td rowspan="15">mykademy.tests.MykademyTestSuite</td><td><a href="#m6">LiveClassCreationOperations</a></td><td rowspan="1">1656499471029</td><td rowspan="1">11482</td></tr><tr class="passedeven"><td><a href="#m7">ScormCreationOperations</a></td><td rowspan="1">1656499521098</td><td rowspan="1">25027</td></tr><tr class="passedeven"><td><a href="#m8">SurveyCreationOperations</a></td><td rowspan="2">1656499562430</td><td rowspan="2">10524</td></tr><tr class="passedeven"><td><a href="#m9">SurveyCreationOperations</a></td></tr><tr class="passedeven"><td><a href="#m10">YouTubeCreationOperations</a></td><td rowspan="1">1656499546129</td><td rowspan="1">5455</td></tr><tr class="passedeven"><td><a href="#m11">courseCreationModuleFirstSteps</a></td><td rowspan="1">1656499382576</td><td rowspan="1">13213</td></tr><tr class="passedeven"><td><a href="#m12">courseCreationModuleOperations</a></td><td rowspan="7">1656499455255</td><td rowspan="7">15769</td></tr><tr class="passedeven"><td><a href="#m13">courseCreationModuleOperations</a></td></tr><tr class="passedeven"><td><a href="#m14">courseCreationModuleOperations</a></td></tr><tr class="passedeven"><td><a href="#m15">courseCreationModuleOperations</a></td></tr><tr class="passedeven"><td><a href="#m16">courseCreationModuleOperations</a></td></tr><tr class="passedeven"><td><a href="#m17">courseCreationModuleOperations</a></td></tr><tr class="passedeven"><td><a href="#m18">courseCreationModuleOperations</a></td></tr><tr class="passedeven"><td><a href="#m19">verifyLoginCheck</a></td><td rowspan="1">1656499378240</td><td rowspan="1">4328</td></tr><tr class="passedeven"><td><a href="#m20">verifySignUpPage</a></td><td rowspan="1">1656499374021</td><td rowspan="1">4211</td></tr></tbody>
</table>
<h2>smoke</h2><h3 id="m0">mykademy.tests.MykademyTestSuite#ActivateCourseOperations</h3><table class="result"><tr><th>Exception</th></tr><tr><td><div class="stacktrace">org.testng.TestNGException: 
	at java.base/java.util.ArrayList.forEach(ArrayList.java:1541)
... Removed 29 stack frames</div></td></tr></table><p class="totop"><a href="#summary">back to summary</a></p>
<h3 id="m1">mykademy.tests.MykademyTestSuite#AssessmentCreationOperations</h3><table class="result"><tr class="param"><th>Parameter #1</th></tr><tr class="param stripe"><td>{assessmentName=Automation Test 1, assessmentDescription=Automation assessment test 1, totalMarkForAssessment=10, submissionTestMessage=Thank You For Attending The Assessment, passMarkPercentage=10, passMessage=PASS, failMessage=FAIL, attemptLimitCount=2}</td></tr><tr><th>Exception</th></tr><tr><td><div class="stacktrace">org.openqa.selenium.StaleElementReferenceException: stale element reference: element is not attached to the page document
  (Session info: chrome=103.0.5060.66)
For documentation on this error, please visit: https://selenium.dev/exceptions/#stale_element_reference
Build info: version: &apos;4.1.1&apos;, revision: &apos;e8fcc2cecf&apos;
System info: host: &apos;DESKTOP-OFIDLPQ&apos;, ip: &apos;192.168.1.9&apos;, os.name: &apos;Windows 10&apos;, os.arch: &apos;amd64&apos;, os.version: &apos;10.0&apos;, java.version: &apos;11.0.12&apos;
Driver info: org.openqa.selenium.chrome.ChromeDriver
Command: [14e9be1a921155237f2fbd3109d3b2a4, clickElement {id=49ed23e3-75ae-424e-b33b-35f5fd6fd5d6}]
Capabilities {acceptInsecureCerts: false, browserName: chrome, browserVersion: 103.0.5060.66, chrome: {chromedriverVersion: 103.0.5060.53 (a1711811edd7..., userDataDir: C:\Users\Enfin\AppData\Loca...}, goog:chromeOptions: {debuggerAddress: localhost:64255}, javascriptEnabled: true, networkConnectionEnabled: false, pageLoadStrategy: normal, platform: WINDOWS, platformName: WINDOWS, proxy: Proxy(), se:cdp: ws://localhost:64255/devtoo..., se:cdpVersion: 103.0.5060.66, setWindowRect: true, strictFileInteractability: false, timeouts: {implicit: 0, pageLoad: 300000, script: 30000}, unhandledPromptBehavior: dismiss and notify, webauthn:extension:credBlob: true, webauthn:extension:largeBlob: true, webauthn:virtualAuthenticators: true}
Element: [[ChromeDriver: chrome on WINDOWS (14e9be1a921155237f2fbd3109d3b2a4)] -&gt; id: advanced_confirm_box_ok]
Session ID: 14e9be1a921155237f2fbd3109d3b2a4
	at org.openqa.selenium.remote.codec.w3c.W3CHttpResponseCodec.createException(W3CHttpResponseCodec.java:200)
	at org.openqa.selenium.remote.codec.w3c.W3CHttpResponseCodec.decode(W3CHttpResponseCodec.java:133)
	at org.openqa.selenium.remote.codec.w3c.W3CHttpResponseCodec.decode(W3CHttpResponseCodec.java:53)
	at org.openqa.selenium.remote.HttpCommandExecutor.execute(HttpCommandExecutor.java:184)
	at org.openqa.selenium.remote.service.DriverCommandExecutor.invokeExecute(DriverCommandExecutor.java:167)
	at org.openqa.selenium.remote.service.DriverCommandExecutor.execute(DriverCommandExecutor.java:142)
	at org.openqa.selenium.remote.RemoteWebDriver.execute(RemoteWebDriver.java:543)
	at org.openqa.selenium.remote.RemoteWebElement.execute(RemoteWebElement.java:251)
	at org.openqa.selenium.remote.RemoteWebElement.click(RemoteWebElement.java:77)
	at org.openqa.selenium.support.pagefactory.internal.LocatingElementHandler.invoke(LocatingElementHandler.java:52)
	at com.sun.proxy.$Proxy14.click(Unknown Source)
	at mykademy.pages.CourseCreationModule.AssessmentCreation(CourseCreationModule.java:620)
	at mykademy.tests.MykademyTestSuite.AssessmentCreationOperations(MykademyTestSuite.java:92)
	at java.base/java.util.ArrayList.forEach(ArrayList.java:1541)
... Removed 38 stack frames</div></td></tr></table><p class="totop"><a href="#summary">back to summary</a></p>
<h3 id="m2">mykademy.tests.MykademyTestSuite#AssignmentCreationOperations</h3><table class="result"><tr class="param"><th>Parameter #1</th></tr><tr class="param stripe"><td>{assignmentName=Automation Assignment title, assignmentDescription=Automation Assignment description, assignmentTotalMark=30, assignmentWorldLimit=25000, resubmissionDateCount=2}</td></tr><tr><th>Exception</th></tr><tr><td><div class="stacktrace">org.openqa.selenium.NoSuchElementException: no such element: Unable to locate element: {&quot;method&quot;:&quot;xpath&quot;,&quot;selector&quot;:&quot;.//span[@class=&apos;lecture-type-holder&apos; and contains(text(),&apos;Assignment&apos;)]&quot;}
  (Session info: chrome=103.0.5060.66)
For documentation on this error, please visit: https://selenium.dev/exceptions/#no_such_element
Build info: version: &apos;4.1.1&apos;, revision: &apos;e8fcc2cecf&apos;
System info: host: &apos;DESKTOP-OFIDLPQ&apos;, ip: &apos;192.168.1.9&apos;, os.name: &apos;Windows 10&apos;, os.arch: &apos;amd64&apos;, os.version: &apos;10.0&apos;, java.version: &apos;11.0.12&apos;
Driver info: org.openqa.selenium.chrome.ChromeDriver
Command: [14e9be1a921155237f2fbd3109d3b2a4, findElement {using=xpath, value=.//span[@class=&apos;lecture-type-holder&apos; and contains(text(),&apos;Assignment&apos;)]}]
Capabilities {acceptInsecureCerts: false, browserName: chrome, browserVersion: 103.0.5060.66, chrome: {chromedriverVersion: 103.0.5060.53 (a1711811edd7..., userDataDir: C:\Users\Enfin\AppData\Loca...}, goog:chromeOptions: {debuggerAddress: localhost:64255}, javascriptEnabled: true, networkConnectionEnabled: false, pageLoadStrategy: normal, platform: WINDOWS, platformName: WINDOWS, proxy: Proxy(), se:cdp: ws://localhost:64255/devtoo..., se:cdpVersion: 103.0.5060.66, setWindowRect: true, strictFileInteractability: false, timeouts: {implicit: 0, pageLoad: 300000, script: 30000}, unhandledPromptBehavior: dismiss and notify, webauthn:extension:credBlob: true, webauthn:extension:largeBlob: true, webauthn:virtualAuthenticators: true}
Session ID: 14e9be1a921155237f2fbd3109d3b2a4
	at org.openqa.selenium.remote.codec.w3c.W3CHttpResponseCodec.createException(W3CHttpResponseCodec.java:200)
	at org.openqa.selenium.remote.codec.w3c.W3CHttpResponseCodec.decode(W3CHttpResponseCodec.java:133)
	at org.openqa.selenium.remote.codec.w3c.W3CHttpResponseCodec.decode(W3CHttpResponseCodec.java:53)
	at org.openqa.selenium.remote.HttpCommandExecutor.execute(HttpCommandExecutor.java:184)
	at org.openqa.selenium.remote.service.DriverCommandExecutor.invokeExecute(DriverCommandExecutor.java:167)
	at org.openqa.selenium.remote.service.DriverCommandExecutor.execute(DriverCommandExecutor.java:142)
	at org.openqa.selenium.remote.RemoteWebDriver.execute(RemoteWebDriver.java:543)
	at org.openqa.selenium.remote.ElementLocation$ElementFinder$2.findElement(ElementLocation.java:162)
	at org.openqa.selenium.remote.ElementLocation.findElement(ElementLocation.java:60)
	at org.openqa.selenium.remote.RemoteWebDriver.findElement(RemoteWebDriver.java:367)
	at org.openqa.selenium.remote.RemoteWebDriver.findElement(RemoteWebDriver.java:359)
	at org.openqa.selenium.support.pagefactory.DefaultElementLocator.findElement(DefaultElementLocator.java:70)
	at org.openqa.selenium.support.pagefactory.internal.LocatingElementHandler.invoke(LocatingElementHandler.java:39)
	at com.sun.proxy.$Proxy14.click(Unknown Source)
	at mykademy.pages.CourseCreationModule.AssignmentCreation(CourseCreationModule.java:661)
	at mykademy.tests.MykademyTestSuite.AssignmentCreationOperations(MykademyTestSuite.java:97)
	at java.base/java.util.ArrayList.forEach(ArrayList.java:1541)
... Removed 35 stack frames</div></td></tr></table><p class="totop"><a href="#summary">back to summary</a></p>
<h3 id="m3">mykademy.tests.MykademyTestSuite#CourseSettingsOperations</h3><table class="result"><tr class="param"><th>Parameter #1</th></tr><tr class="param stripe"><td>{courseShortDescription=This is an Automation course short Description, courseDescription=This is a Course Description of the Course., courseActualPrice=20}</td></tr><tr><th>Exception</th></tr><tr><td><div class="stacktrace">org.openqa.selenium.StaleElementReferenceException: stale element reference: element is not attached to the page document
  (Session info: chrome=103.0.5060.66)
For documentation on this error, please visit: https://selenium.dev/exceptions/#stale_element_reference
Build info: version: &apos;4.1.1&apos;, revision: &apos;e8fcc2cecf&apos;
System info: host: &apos;DESKTOP-OFIDLPQ&apos;, ip: &apos;192.168.1.9&apos;, os.name: &apos;Windows 10&apos;, os.arch: &apos;amd64&apos;, os.version: &apos;10.0&apos;, java.version: &apos;11.0.12&apos;
Driver info: org.openqa.selenium.chrome.ChromeDriver
Command: [14e9be1a921155237f2fbd3109d3b2a4, clickElement {id=f8592133-6d28-40cb-b17a-cf93218a4ef4}]
Capabilities {acceptInsecureCerts: false, browserName: chrome, browserVersion: 103.0.5060.66, chrome: {chromedriverVersion: 103.0.5060.53 (a1711811edd7..., userDataDir: C:\Users\Enfin\AppData\Loca...}, goog:chromeOptions: {debuggerAddress: localhost:64255}, javascriptEnabled: true, networkConnectionEnabled: false, pageLoadStrategy: normal, platform: WINDOWS, platformName: WINDOWS, proxy: Proxy(), se:cdp: ws://localhost:64255/devtoo..., se:cdpVersion: 103.0.5060.66, setWindowRect: true, strictFileInteractability: false, timeouts: {implicit: 0, pageLoad: 300000, script: 30000}, unhandledPromptBehavior: dismiss and notify, webauthn:extension:credBlob: true, webauthn:extension:largeBlob: true, webauthn:virtualAuthenticators: true}
Element: [[ChromeDriver: chrome on WINDOWS (14e9be1a921155237f2fbd3109d3b2a4)] -&gt; id: advanced_confirm_box_ok]
Session ID: 14e9be1a921155237f2fbd3109d3b2a4
	at org.openqa.selenium.remote.codec.w3c.W3CHttpResponseCodec.createException(W3CHttpResponseCodec.java:200)
	at org.openqa.selenium.remote.codec.w3c.W3CHttpResponseCodec.decode(W3CHttpResponseCodec.java:133)
	at org.openqa.selenium.remote.codec.w3c.W3CHttpResponseCodec.decode(W3CHttpResponseCodec.java:53)
	at org.openqa.selenium.remote.HttpCommandExecutor.execute(HttpCommandExecutor.java:184)
	at org.openqa.selenium.remote.service.DriverCommandExecutor.invokeExecute(DriverCommandExecutor.java:167)
	at org.openqa.selenium.remote.service.DriverCommandExecutor.execute(DriverCommandExecutor.java:142)
	at org.openqa.selenium.remote.RemoteWebDriver.execute(RemoteWebDriver.java:543)
	at org.openqa.selenium.remote.RemoteWebElement.execute(RemoteWebElement.java:251)
	at org.openqa.selenium.remote.RemoteWebElement.click(RemoteWebElement.java:77)
	at org.openqa.selenium.support.pagefactory.internal.LocatingElementHandler.invoke(LocatingElementHandler.java:52)
	at com.sun.proxy.$Proxy14.click(Unknown Source)
	at mykademy.pages.CourseCreationModule.CourseSettings(CourseCreationModule.java:849)
	at mykademy.tests.MykademyTestSuite.CourseSettingsOperations(MykademyTestSuite.java:122)
	at java.base/java.util.ArrayList.forEach(ArrayList.java:1541)
... Removed 38 stack frames</div></td></tr></table><p class="totop"><a href="#summary">back to summary</a></p>
<h3 id="m4">mykademy.tests.MykademyTestSuite#DeleteCourseOperations</h3><table class="result"><tr class="param"><th>Parameter #1</th></tr><tr class="param stripe"><td>{DeleteCourseOperations=Automation Custom Course 10.0}</td></tr><tr><th>Exception</th></tr><tr><td><div class="stacktrace">org.openqa.selenium.NoSuchElementException: no such element: Unable to locate element: {&quot;method&quot;:&quot;xpath&quot;,&quot;selector&quot;:&quot;.//input[@id=&apos;course_keyword&apos;]&quot;}
  (Session info: chrome=103.0.5060.66)
For documentation on this error, please visit: https://selenium.dev/exceptions/#no_such_element
Build info: version: &apos;4.1.1&apos;, revision: &apos;e8fcc2cecf&apos;
System info: host: &apos;DESKTOP-OFIDLPQ&apos;, ip: &apos;192.168.1.9&apos;, os.name: &apos;Windows 10&apos;, os.arch: &apos;amd64&apos;, os.version: &apos;10.0&apos;, java.version: &apos;11.0.12&apos;
Driver info: org.openqa.selenium.chrome.ChromeDriver
Command: [14e9be1a921155237f2fbd3109d3b2a4, findElement {using=xpath, value=.//input[@id=&apos;course_keyword&apos;]}]
Capabilities {acceptInsecureCerts: false, browserName: chrome, browserVersion: 103.0.5060.66, chrome: {chromedriverVersion: 103.0.5060.53 (a1711811edd7..., userDataDir: C:\Users\Enfin\AppData\Loca...}, goog:chromeOptions: {debuggerAddress: localhost:64255}, javascriptEnabled: true, networkConnectionEnabled: false, pageLoadStrategy: normal, platform: WINDOWS, platformName: WINDOWS, proxy: Proxy(), se:cdp: ws://localhost:64255/devtoo..., se:cdpVersion: 103.0.5060.66, setWindowRect: true, strictFileInteractability: false, timeouts: {implicit: 0, pageLoad: 300000, script: 30000}, unhandledPromptBehavior: dismiss and notify, webauthn:extension:credBlob: true, webauthn:extension:largeBlob: true, webauthn:virtualAuthenticators: true}
Session ID: 14e9be1a921155237f2fbd3109d3b2a4
	at org.openqa.selenium.remote.codec.w3c.W3CHttpResponseCodec.createException(W3CHttpResponseCodec.java:200)
	at org.openqa.selenium.remote.codec.w3c.W3CHttpResponseCodec.decode(W3CHttpResponseCodec.java:133)
	at org.openqa.selenium.remote.codec.w3c.W3CHttpResponseCodec.decode(W3CHttpResponseCodec.java:53)
	at org.openqa.selenium.remote.HttpCommandExecutor.execute(HttpCommandExecutor.java:184)
	at org.openqa.selenium.remote.service.DriverCommandExecutor.invokeExecute(DriverCommandExecutor.java:167)
	at org.openqa.selenium.remote.service.DriverCommandExecutor.execute(DriverCommandExecutor.java:142)
	at org.openqa.selenium.remote.RemoteWebDriver.execute(RemoteWebDriver.java:543)
	at org.openqa.selenium.remote.ElementLocation$ElementFinder$2.findElement(ElementLocation.java:162)
	at org.openqa.selenium.remote.ElementLocation.findElement(ElementLocation.java:60)
	at org.openqa.selenium.remote.RemoteWebDriver.findElement(RemoteWebDriver.java:367)
	at org.openqa.selenium.remote.RemoteWebDriver.findElement(RemoteWebDriver.java:359)
	at org.openqa.selenium.support.pagefactory.DefaultElementLocator.findElement(DefaultElementLocator.java:70)
	at org.openqa.selenium.support.pagefactory.internal.LocatingElementHandler.invoke(LocatingElementHandler.java:39)
	at com.sun.proxy.$Proxy14.sendKeys(Unknown Source)
	at mykademy.pages.CourseCreationModule.DeleteCourse(CourseCreationModule.java:873)
	at mykademy.tests.MykademyTestSuite.DeleteCourseOperations(MykademyTestSuite.java:131)
	at java.base/java.util.ArrayList.forEach(ArrayList.java:1541)
... Removed 35 stack frames</div></td></tr></table><p class="totop"><a href="#summary">back to summary</a></p>
<h3 id="m5">mykademy.tests.MykademyTestSuite#HTMLCreationOperations</h3><table class="result"><tr class="param"><th>Parameter #1</th></tr><tr class="param stripe"><td>{htmlContentTitle=Automation Html lecture 1, htmlContentDescription=Automation HTML lecture content description.}</td></tr><tr><th>Exception</th></tr><tr><td><div class="stacktrace">org.openqa.selenium.StaleElementReferenceException: stale element reference: element is not attached to the page document
  (Session info: chrome=103.0.5060.66)
For documentation on this error, please visit: https://selenium.dev/exceptions/#stale_element_reference
Build info: version: &apos;4.1.1&apos;, revision: &apos;e8fcc2cecf&apos;
System info: host: &apos;DESKTOP-OFIDLPQ&apos;, ip: &apos;192.168.1.9&apos;, os.name: &apos;Windows 10&apos;, os.arch: &apos;amd64&apos;, os.version: &apos;10.0&apos;, java.version: &apos;11.0.12&apos;
Driver info: org.openqa.selenium.chrome.ChromeDriver
Command: [14e9be1a921155237f2fbd3109d3b2a4, clickElement {id=e7a5582e-8be9-40f7-8183-9b7902356be9}]
Capabilities {acceptInsecureCerts: false, browserName: chrome, browserVersion: 103.0.5060.66, chrome: {chromedriverVersion: 103.0.5060.53 (a1711811edd7..., userDataDir: C:\Users\Enfin\AppData\Loca...}, goog:chromeOptions: {debuggerAddress: localhost:64255}, javascriptEnabled: true, networkConnectionEnabled: false, pageLoadStrategy: normal, platform: WINDOWS, platformName: WINDOWS, proxy: Proxy(), se:cdp: ws://localhost:64255/devtoo..., se:cdpVersion: 103.0.5060.66, setWindowRect: true, strictFileInteractability: false, timeouts: {implicit: 0, pageLoad: 300000, script: 30000}, unhandledPromptBehavior: dismiss and notify, webauthn:extension:credBlob: true, webauthn:extension:largeBlob: true, webauthn:virtualAuthenticators: true}
Element: [[ChromeDriver: chrome on WINDOWS (14e9be1a921155237f2fbd3109d3b2a4)] -&gt; xpath: .//span[@class=&apos;lecture-type-holder&apos; and contains(text(),&apos;HTML&apos;)]]
Session ID: 14e9be1a921155237f2fbd3109d3b2a4
	at org.openqa.selenium.remote.codec.w3c.W3CHttpResponseCodec.createException(W3CHttpResponseCodec.java:200)
	at org.openqa.selenium.remote.codec.w3c.W3CHttpResponseCodec.decode(W3CHttpResponseCodec.java:133)
	at org.openqa.selenium.remote.codec.w3c.W3CHttpResponseCodec.decode(W3CHttpResponseCodec.java:53)
	at org.openqa.selenium.remote.HttpCommandExecutor.execute(HttpCommandExecutor.java:184)
	at org.openqa.selenium.remote.service.DriverCommandExecutor.invokeExecute(DriverCommandExecutor.java:167)
	at org.openqa.selenium.remote.service.DriverCommandExecutor.execute(DriverCommandExecutor.java:142)
	at org.openqa.selenium.remote.RemoteWebDriver.execute(RemoteWebDriver.java:543)
	at org.openqa.selenium.remote.RemoteWebElement.execute(RemoteWebElement.java:251)
	at org.openqa.selenium.remote.RemoteWebElement.click(RemoteWebElement.java:77)
	at org.openqa.selenium.support.pagefactory.internal.LocatingElementHandler.invoke(LocatingElementHandler.java:52)
	at com.sun.proxy.$Proxy14.click(Unknown Source)
	at mykademy.pages.CourseCreationModule.HTMLLecture(CourseCreationModule.java:699)
	at mykademy.tests.MykademyTestSuite.HTMLCreationOperations(MykademyTestSuite.java:102)
	at java.base/java.util.ArrayList.forEach(ArrayList.java:1541)
... Removed 38 stack frames</div></td></tr></table><p class="totop"><a href="#summary">back to summary</a></p>
<h3 id="m6">mykademy.tests.MykademyTestSuite#LiveClassCreationOperations</h3><table class="result"><tr class="param"><th>Parameter #1</th></tr><tr class="param stripe"><td>{liveLectureName=Live Session 1.0, liveSessionTag=AutomationTag One, liveSessionAgenda=Automation Test Live Agenda, liveSessionDescription=Automation session description}</td></tr></table><p class="totop"><a href="#summary">back to summary</a></p>
<h3 id="m7">mykademy.tests.MykademyTestSuite#ScormCreationOperations</h3><table class="result"><tr class="param"><th>Parameter #1</th></tr><tr class="param stripe"><td>{lectureNameFld=Automation Scorm Lecture, lectureDescriptionFld=Automation Scorm Lecture content}</td></tr></table><p class="totop"><a href="#summary">back to summary</a></p>
<h3 id="m8">mykademy.tests.MykademyTestSuite#SurveyCreationOperations</h3><table class="result"><tr class="param"><th>Parameter #1</th></tr><tr class="param stripe"><td>{surveyContentTitle=Automation Facilitator Survey, surveyContentDescription=Automation Facilitator Survey description., surveyQuestionAdd=Rate the Facilitator out of Five.}</td></tr></table><p class="totop"><a href="#summary">back to summary</a></p>
<h3 id="m9">mykademy.tests.MykademyTestSuite#SurveyCreationOperations</h3><table class="result"><tr class="param"><th>Parameter #1</th></tr><tr class="param stripe"><td>{surveyContentTitle=Automation Survey, surveyContentDescription=Automation Survey description., surveyQuestionAdd=Rate the Course out of Five.}</td></tr></table><p class="totop"><a href="#summary">back to summary</a></p>
<h3 id="m10">mykademy.tests.MykademyTestSuite#YouTubeCreationOperations</h3><table class="result"><tr class="param"><th>Parameter #1</th></tr><tr class="param stripe"><td>{youTubeContentTitle=Automation YouTube Lecture, youTubeContentDescription=Automation Youtube Video Lecture, enterYouTubeUrl=https://www.youtube.com/watch?v=mOAXEQevCAE}</td></tr></table><p class="totop"><a href="#summary">back to summary</a></p>
<h3 id="m11">mykademy.tests.MykademyTestSuite#courseCreationModuleFirstSteps</h3><table class="result"><tr class="param"><th>Parameter #1</th></tr><tr class="param stripe"><td>{courseName=Automation Custom Course 10.0, sectionName=New}</td></tr></table><p class="totop"><a href="#summary">back to summary</a></p>
<h3 id="m12">mykademy.tests.MykademyTestSuite#courseCreationModuleOperations</h3><table class="result"><tr class="param"><th>Parameter #1</th></tr><tr class="param stripe"><td>{fileName=MP3.mp3, lectureTitle=New Document Mp3 1, lectureDescription=Automation Mp3 File}</td></tr></table><p class="totop"><a href="#summary">back to summary</a></p>
<h3 id="m13">mykademy.tests.MykademyTestSuite#courseCreationModuleOperations</h3><table class="result"><tr class="param"><th>Parameter #1</th></tr><tr class="param stripe"><td>{fileName=Sample pdf.pdf, lectureTitle=New Document Pdf 1, lectureDescription=Automation Pdf File}</td></tr></table><p class="totop"><a href="#summary">back to summary</a></p>
<h3 id="m14">mykademy.tests.MykademyTestSuite#courseCreationModuleOperations</h3><table class="result"><tr class="param"><th>Parameter #1</th></tr><tr class="param stripe"><td>{fileName=DOCX.docx, lectureTitle=New Document Docx 1, lectureDescription=Automation Docx File}</td></tr></table><p class="totop"><a href="#summary">back to summary</a></p>
<h3 id="m15">mykademy.tests.MykademyTestSuite#courseCreationModuleOperations</h3><table class="result"><tr class="param"><th>Parameter #1</th></tr><tr class="param stripe"><td>{fileName=DOC.doc, lectureTitle=New Document Doc 1, lectureDescription=Automation Doc File}</td></tr></table><p class="totop"><a href="#summary">back to summary</a></p>
<h3 id="m16">mykademy.tests.MykademyTestSuite#courseCreationModuleOperations</h3><table class="result"><tr class="param"><th>Parameter #1</th></tr><tr class="param stripe"><td>{fileName=Sample100.xls, lectureTitle=New Document xls 1, lectureDescription=Automation xls File}</td></tr></table><p class="totop"><a href="#summary">back to summary</a></p>
<h3 id="m17">mykademy.tests.MykademyTestSuite#courseCreationModuleOperations</h3><table class="result"><tr class="param"><th>Parameter #1</th></tr><tr class="param stripe"><td>{fileName=pptx2.pptx, lectureTitle=New Document Pptx 1, lectureDescription=Automation Pptx File}</td></tr></table><p class="totop"><a href="#summary">back to summary</a></p>
<h3 id="m18">mykademy.tests.MykademyTestSuite#courseCreationModuleOperations</h3><table class="result"><tr class="param"><th>Parameter #1</th></tr><tr class="param stripe"><td>{fileName=XLSX.xlsx, lectureTitle=New Document xlsx 1, lectureDescription=Automation xlsx File}</td></tr></table><p class="totop"><a href="#summary">back to summary</a></p>
<h3 id="m19">mykademy.tests.MykademyTestSuite#verifyLoginCheck</h3><table class="result"><tr class="param"><th>Parameter #1</th></tr><tr class="param stripe"><td>{username=thanveer.a+25@enfintechnologies.com, password=123456ab}</td></tr></table><p class="totop"><a href="#summary">back to summary</a></p>
<h3 id="m20">mykademy.tests.MykademyTestSuite#verifySignUpPage</h3><table class="result"><tr class="param"><th>Parameter #1</th></tr><tr class="param stripe"><td>{signUpUsername=Jijo Joseph 10, signUpEmail=jijo.joseph+10@mykademy.com, signUpPhoneNumber=8888899999, signUpPassword=Password@123}</td></tr></table><p class="totop"><a href="#summary">back to summary</a></p>
</body>
</html>
