<?xml version="1.0" encoding="UTF-8"?>
<testng-results ignored="0" total="21" passed="15" failed="6" skipped="0">
  <reporter-output>
  </reporter-output>
  <suite started-at="2022-06-29T11:42:53 IST" name="Suite1" finished-at="2022-06-29T11:46:36 IST" duration-ms="222897">
    <groups>
      <group name="smoke">
        <method signature="MykademyTestSuite.verifySignUpPage(java.util.Map)[pri:1, instance:mykademy.tests.MykademyTestSuite@66d3eec0]" name="verifySignUpPage" class="mykademy.tests.MykademyTestSuite"/>
        <method signature="MykademyTestSuite.verifyLoginCheck(java.util.Map)[pri:2, instance:mykademy.tests.MykademyTestSuite@66d3eec0]" name="verifyLoginCheck" class="mykademy.tests.MykademyTestSuite"/>
        <method signature="MykademyTestSuite.courseCreationModuleFirstSteps(java.util.Map)[pri:7, instance:mykademy.tests.MykademyTestSuite@66d3eec0]" name="courseCreationModuleFirstSteps" class="mykademy.tests.MykademyTestSuite"/>
        <method signature="MykademyTestSuite.courseCreationModuleOperations(java.util.Map)[pri:8, instance:mykademy.tests.MykademyTestSuite@66d3eec0]" name="courseCreationModuleOperations" class="mykademy.tests.MykademyTestSuite"/>
        <method signature="MykademyTestSuite.LiveClassCreationOperations(java.util.Map)[pri:9, instance:mykademy.tests.MykademyTestSuite@66d3eec0]" name="LiveClassCreationOperations" class="mykademy.tests.MykademyTestSuite"/>
        <method signature="MykademyTestSuite.AssessmentCreationOperations(java.util.Map)[pri:10, instance:mykademy.tests.MykademyTestSuite@66d3eec0]" name="AssessmentCreationOperations" class="mykademy.tests.MykademyTestSuite"/>
        <method signature="MykademyTestSuite.AssignmentCreationOperations(java.util.Map)[pri:11, instance:mykademy.tests.MykademyTestSuite@66d3eec0]" name="AssignmentCreationOperations" class="mykademy.tests.MykademyTestSuite"/>
        <method signature="MykademyTestSuite.HTMLCreationOperations(java.util.Map)[pri:12, instance:mykademy.tests.MykademyTestSuite@66d3eec0]" name="HTMLCreationOperations" class="mykademy.tests.MykademyTestSuite"/>
        <method signature="MykademyTestSuite.ScormCreationOperations(java.util.Map)[pri:13, instance:mykademy.tests.MykademyTestSuite@66d3eec0]" name="ScormCreationOperations" class="mykademy.tests.MykademyTestSuite"/>
        <method signature="MykademyTestSuite.YouTubeCreationOperations(java.util.Map)[pri:14, instance:mykademy.tests.MykademyTestSuite@66d3eec0]" name="YouTubeCreationOperations" class="mykademy.tests.MykademyTestSuite"/>
        <method signature="MykademyTestSuite.SurveyCreationOperations(java.util.Map)[pri:15, instance:mykademy.tests.MykademyTestSuite@66d3eec0]" name="SurveyCreationOperations" class="mykademy.tests.MykademyTestSuite"/>
        <method signature="MykademyTestSuite.CourseSettingsOperations(java.util.Map)[pri:16, instance:mykademy.tests.MykademyTestSuite@66d3eec0]" name="CourseSettingsOperations" class="mykademy.tests.MykademyTestSuite"/>
        <method signature="MykademyTestSuite.ActivateCourseOperations(java.util.Map)[pri:17, instance:mykademy.tests.MykademyTestSuite@66d3eec0]" name="ActivateCourseOperations" class="mykademy.tests.MykademyTestSuite"/>
        <method signature="MykademyTestSuite.DeleteCourseOperations(java.util.Map)[pri:18, instance:mykademy.tests.MykademyTestSuite@66d3eec0]" name="DeleteCourseOperations" class="mykademy.tests.MykademyTestSuite"/>
      </group> <!-- smoke -->
    </groups>
    <test started-at="2022-06-29T11:42:53 IST" name="smoke" finished-at="2022-06-29T11:46:36 IST" duration-ms="222897">
      <class name="mykademy.tests.MykademyTestSuite">
        <test-method is-config="true" signature="initDriver()[pri:0, instance:mykademy.tests.MykademyTestSuite@66d3eec0]" started-at="2022-06-29T11:42:48 IST" name="initDriver" finished-at="2022-06-29T11:42:53 IST" duration-ms="4578" status="PASS">
          <reporter-output>
          </reporter-output>
        </test-method> <!-- initDriver -->
        <test-method is-config="true" signature="initApp()[pri:0, instance:mykademy.tests.MykademyTestSuite@66d3eec0]" started-at="2022-06-29T11:42:53 IST" name="initApp" finished-at="2022-06-29T11:42:53 IST" duration-ms="335" status="PASS">
          <reporter-output>
          </reporter-output>
        </test-method> <!-- initApp -->
        <test-method signature="verifySignUpPage(java.util.Map)[pri:1, instance:mykademy.tests.MykademyTestSuite@66d3eec0]" started-at="2022-06-29T11:42:54 IST" name="verifySignUpPage" data-provider="getData" finished-at="2022-06-29T11:42:58 IST" duration-ms="4211" status="PASS">
          <params>
            <param index="0">
              <value>
                <![CDATA[{signUpUsername=Jijo Joseph 10, signUpEmail=jijo.joseph+10@mykademy.com, signUpPhoneNumber=8888899999, signUpPassword=Password@123}]]>
              </value>
            </param>
          </params>
          <reporter-output>
          </reporter-output>
        </test-method> <!-- verifySignUpPage -->
        <test-method signature="verifyLoginCheck(java.util.Map)[pri:2, instance:mykademy.tests.MykademyTestSuite@66d3eec0]" started-at="2022-06-29T11:42:58 IST" name="verifyLoginCheck" data-provider="getData" finished-at="2022-06-29T11:43:02 IST" duration-ms="4328" status="PASS">
          <params>
            <param index="0">
              <value>
                <![CDATA[{username=thanveer.a+25@enfintechnologies.com, password=123456ab}]]>
              </value>
            </param>
          </params>
          <reporter-output>
          </reporter-output>
        </test-method> <!-- verifyLoginCheck -->
        <test-method signature="courseCreationModuleFirstSteps(java.util.Map)[pri:7, instance:mykademy.tests.MykademyTestSuite@66d3eec0]" started-at="2022-06-29T11:43:02 IST" name="courseCreationModuleFirstSteps" data-provider="getData" finished-at="2022-06-29T11:43:15 IST" duration-ms="13213" status="PASS">
          <params>
            <param index="0">
              <value>
                <![CDATA[{courseName=Automation Custom Course 10.0, sectionName=New}]]>
              </value>
            </param>
          </params>
          <reporter-output>
          </reporter-output>
        </test-method> <!-- courseCreationModuleFirstSteps -->
        <test-method signature="courseCreationModuleOperations(java.util.Map)[pri:8, instance:mykademy.tests.MykademyTestSuite@66d3eec0]" started-at="2022-06-29T11:43:15 IST" name="courseCreationModuleOperations" data-provider="getData" finished-at="2022-06-29T11:43:24 IST" duration-ms="8987" status="PASS">
          <params>
            <param index="0">
              <value>
                <![CDATA[{fileName=DOC.doc, lectureTitle=New Document Doc 1, lectureDescription=Automation Doc File}]]>
              </value>
            </param>
          </params>
          <reporter-output>
          </reporter-output>
        </test-method> <!-- courseCreationModuleOperations -->
        <test-method signature="courseCreationModuleOperations(java.util.Map)[pri:8, instance:mykademy.tests.MykademyTestSuite@66d3eec0]" started-at="2022-06-29T11:43:24 IST" name="courseCreationModuleOperations" data-provider="getData" finished-at="2022-06-29T11:43:33 IST" duration-ms="8985" status="PASS">
          <params>
            <param index="0">
              <value>
                <![CDATA[{fileName=DOCX.docx, lectureTitle=New Document Docx 1, lectureDescription=Automation Docx File}]]>
              </value>
            </param>
          </params>
          <reporter-output>
          </reporter-output>
        </test-method> <!-- courseCreationModuleOperations -->
        <test-method signature="courseCreationModuleOperations(java.util.Map)[pri:8, instance:mykademy.tests.MykademyTestSuite@66d3eec0]" started-at="2022-06-29T11:43:33 IST" name="courseCreationModuleOperations" data-provider="getData" finished-at="2022-06-29T11:43:50 IST" duration-ms="17036" status="PASS">
          <params>
            <param index="0">
              <value>
                <![CDATA[{fileName=pptx2.pptx, lectureTitle=New Document Pptx 1, lectureDescription=Automation Pptx File}]]>
              </value>
            </param>
          </params>
          <reporter-output>
          </reporter-output>
        </test-method> <!-- courseCreationModuleOperations -->
        <test-method signature="courseCreationModuleOperations(java.util.Map)[pri:8, instance:mykademy.tests.MykademyTestSuite@66d3eec0]" started-at="2022-06-29T11:43:50 IST" name="courseCreationModuleOperations" data-provider="getData" finished-at="2022-06-29T11:43:59 IST" duration-ms="8849" status="PASS">
          <params>
            <param index="0">
              <value>
                <![CDATA[{fileName=Sample pdf.pdf, lectureTitle=New Document Pdf 1, lectureDescription=Automation Pdf File}]]>
              </value>
            </param>
          </params>
          <reporter-output>
          </reporter-output>
        </test-method> <!-- courseCreationModuleOperations -->
        <test-method signature="courseCreationModuleOperations(java.util.Map)[pri:8, instance:mykademy.tests.MykademyTestSuite@66d3eec0]" started-at="2022-06-29T11:43:59 IST" name="courseCreationModuleOperations" data-provider="getData" finished-at="2022-06-29T11:44:07 IST" duration-ms="7938" status="PASS">
          <params>
            <param index="0">
              <value>
                <![CDATA[{fileName=Sample100.xls, lectureTitle=New Document xls 1, lectureDescription=Automation xls File}]]>
              </value>
            </param>
          </params>
          <reporter-output>
          </reporter-output>
        </test-method> <!-- courseCreationModuleOperations -->
        <test-method signature="courseCreationModuleOperations(java.util.Map)[pri:8, instance:mykademy.tests.MykademyTestSuite@66d3eec0]" started-at="2022-06-29T11:44:07 IST" name="courseCreationModuleOperations" data-provider="getData" finished-at="2022-06-29T11:44:15 IST" duration-ms="7660" status="PASS">
          <params>
            <param index="0">
              <value>
                <![CDATA[{fileName=XLSX.xlsx, lectureTitle=New Document xlsx 1, lectureDescription=Automation xlsx File}]]>
              </value>
            </param>
          </params>
          <reporter-output>
          </reporter-output>
        </test-method> <!-- courseCreationModuleOperations -->
        <test-method signature="courseCreationModuleOperations(java.util.Map)[pri:8, instance:mykademy.tests.MykademyTestSuite@66d3eec0]" started-at="2022-06-29T11:44:15 IST" name="courseCreationModuleOperations" data-provider="getData" finished-at="2022-06-29T11:44:31 IST" duration-ms="15769" status="PASS">
          <params>
            <param index="0">
              <value>
                <![CDATA[{fileName=MP3.mp3, lectureTitle=New Document Mp3 1, lectureDescription=Automation Mp3 File}]]>
              </value>
            </param>
          </params>
          <reporter-output>
          </reporter-output>
        </test-method> <!-- courseCreationModuleOperations -->
        <test-method signature="LiveClassCreationOperations(java.util.Map)[pri:9, instance:mykademy.tests.MykademyTestSuite@66d3eec0]" started-at="2022-06-29T11:44:31 IST" name="LiveClassCreationOperations" data-provider="getData" finished-at="2022-06-29T11:44:42 IST" duration-ms="11482" status="PASS">
          <params>
            <param index="0">
              <value>
                <![CDATA[{liveLectureName=Live Session 1.0, liveSessionTag=AutomationTag One, liveSessionAgenda=Automation Test Live Agenda, liveSessionDescription=Automation session description}]]>
              </value>
            </param>
          </params>
          <reporter-output>
          </reporter-output>
        </test-method> <!-- LiveClassCreationOperations -->
        <test-method signature="AssessmentCreationOperations(java.util.Map)[pri:10, instance:mykademy.tests.MykademyTestSuite@66d3eec0]" started-at="2022-06-29T11:44:42 IST" name="AssessmentCreationOperations" data-provider="getData" finished-at="2022-06-29T11:44:51 IST" duration-ms="9351" status="FAIL">
          <params>
            <param index="0">
              <value>
                <![CDATA[{assessmentName=Automation Test 1, assessmentDescription=Automation assessment test 1, totalMarkForAssessment=10, submissionTestMessage=Thank You For Attending The Assessment, passMarkPercentage=10, passMessage=PASS, failMessage=FAIL, attemptLimitCount=2}]]>
              </value>
            </param>
          </params>
          <exception class="org.openqa.selenium.StaleElementReferenceException">
            <message>
              <![CDATA[stale element reference: element is not attached to the page document
  (Session info: chrome=103.0.5060.66)
For documentation on this error, please visit: https://selenium.dev/exceptions/#stale_element_reference
Build info: version: '4.1.1', revision: 'e8fcc2cecf'
System info: host: 'DESKTOP-OFIDLPQ', ip: '192.168.1.9', os.name: 'Windows 10', os.arch: 'amd64', os.version: '10.0', java.version: '11.0.12'
Driver info: org.openqa.selenium.chrome.ChromeDriver
Command: [14e9be1a921155237f2fbd3109d3b2a4, clickElement {id=49ed23e3-75ae-424e-b33b-35f5fd6fd5d6}]
Capabilities {acceptInsecureCerts: false, browserName: chrome, browserVersion: 103.0.5060.66, chrome: {chromedriverVersion: 103.0.5060.53 (a1711811edd7..., userDataDir: C:\Users\Enfin\AppData\Loca...}, goog:chromeOptions: {debuggerAddress: localhost:64255}, javascriptEnabled: true, networkConnectionEnabled: false, pageLoadStrategy: normal, platform: WINDOWS, platformName: WINDOWS, proxy: Proxy(), se:cdp: ws://localhost:64255/devtoo..., se:cdpVersion: 103.0.5060.66, setWindowRect: true, strictFileInteractability: false, timeouts: {implicit: 0, pageLoad: 300000, script: 30000}, unhandledPromptBehavior: dismiss and notify, webauthn:extension:credBlob: true, webauthn:extension:largeBlob: true, webauthn:virtualAuthenticators: true}
Element: [[ChromeDriver: chrome on WINDOWS (14e9be1a921155237f2fbd3109d3b2a4)] -> id: advanced_confirm_box_ok]
Session ID: 14e9be1a921155237f2fbd3109d3b2a4]]>
            </message>
            <full-stacktrace>
              <![CDATA[org.openqa.selenium.StaleElementReferenceException: stale element reference: element is not attached to the page document
  (Session info: chrome=103.0.5060.66)
For documentation on this error, please visit: https://selenium.dev/exceptions/#stale_element_reference
Build info: version: '4.1.1', revision: 'e8fcc2cecf'
System info: host: 'DESKTOP-OFIDLPQ', ip: '192.168.1.9', os.name: 'Windows 10', os.arch: 'amd64', os.version: '10.0', java.version: '11.0.12'
Driver info: org.openqa.selenium.chrome.ChromeDriver
Command: [14e9be1a921155237f2fbd3109d3b2a4, clickElement {id=49ed23e3-75ae-424e-b33b-35f5fd6fd5d6}]
Capabilities {acceptInsecureCerts: false, browserName: chrome, browserVersion: 103.0.5060.66, chrome: {chromedriverVersion: 103.0.5060.53 (a1711811edd7..., userDataDir: C:\Users\Enfin\AppData\Loca...}, goog:chromeOptions: {debuggerAddress: localhost:64255}, javascriptEnabled: true, networkConnectionEnabled: false, pageLoadStrategy: normal, platform: WINDOWS, platformName: WINDOWS, proxy: Proxy(), se:cdp: ws://localhost:64255/devtoo..., se:cdpVersion: 103.0.5060.66, setWindowRect: true, strictFileInteractability: false, timeouts: {implicit: 0, pageLoad: 300000, script: 30000}, unhandledPromptBehavior: dismiss and notify, webauthn:extension:credBlob: true, webauthn:extension:largeBlob: true, webauthn:virtualAuthenticators: true}
Element: [[ChromeDriver: chrome on WINDOWS (14e9be1a921155237f2fbd3109d3b2a4)] -> id: advanced_confirm_box_ok]
Session ID: 14e9be1a921155237f2fbd3109d3b2a4
at java.base/jdk.internal.reflect.NativeConstructorAccessorImpl.newInstance0(Native Method)
at java.base/jdk.internal.reflect.NativeConstructorAccessorImpl.newInstance(NativeConstructorAccessorImpl.java:62)
at java.base/jdk.internal.reflect.DelegatingConstructorAccessorImpl.newInstance(DelegatingConstructorAccessorImpl.java:45)
at java.base/java.lang.reflect.Constructor.newInstance(Constructor.java:490)
at org.openqa.selenium.remote.codec.w3c.W3CHttpResponseCodec.createException(W3CHttpResponseCodec.java:200)
at org.openqa.selenium.remote.codec.w3c.W3CHttpResponseCodec.decode(W3CHttpResponseCodec.java:133)
at org.openqa.selenium.remote.codec.w3c.W3CHttpResponseCodec.decode(W3CHttpResponseCodec.java:53)
at org.openqa.selenium.remote.HttpCommandExecutor.execute(HttpCommandExecutor.java:184)
at org.openqa.selenium.remote.service.DriverCommandExecutor.invokeExecute(DriverCommandExecutor.java:167)
at org.openqa.selenium.remote.service.DriverCommandExecutor.execute(DriverCommandExecutor.java:142)
at org.openqa.selenium.remote.RemoteWebDriver.execute(RemoteWebDriver.java:543)
at org.openqa.selenium.remote.RemoteWebElement.execute(RemoteWebElement.java:251)
at org.openqa.selenium.remote.RemoteWebElement.click(RemoteWebElement.java:77)
at jdk.internal.reflect.GeneratedMethodAccessor1.invoke(Unknown Source)
at java.base/jdk.internal.reflect.DelegatingMethodAccessorImpl.invoke(DelegatingMethodAccessorImpl.java:43)
at java.base/java.lang.reflect.Method.invoke(Method.java:566)
at org.openqa.selenium.support.pagefactory.internal.LocatingElementHandler.invoke(LocatingElementHandler.java:52)
at com.sun.proxy.$Proxy14.click(Unknown Source)
at mykademy.pages.CourseCreationModule.AssessmentCreation(CourseCreationModule.java:620)
at mykademy.tests.MykademyTestSuite.AssessmentCreationOperations(MykademyTestSuite.java:92)
at java.base/jdk.internal.reflect.NativeMethodAccessorImpl.invoke0(Native Method)
at java.base/jdk.internal.reflect.NativeMethodAccessorImpl.invoke(NativeMethodAccessorImpl.java:62)
at java.base/jdk.internal.reflect.DelegatingMethodAccessorImpl.invoke(DelegatingMethodAccessorImpl.java:43)
at java.base/java.lang.reflect.Method.invoke(Method.java:566)
at org.testng.internal.invokers.MethodInvocationHelper.invokeMethod(MethodInvocationHelper.java:135)
at org.testng.internal.invokers.TestInvoker.invokeMethod(TestInvoker.java:673)
at org.testng.internal.invokers.TestInvoker.invokeTestMethod(TestInvoker.java:220)
at org.testng.internal.invokers.MethodRunner.runInSequence(MethodRunner.java:50)
at org.testng.internal.invokers.TestInvoker$MethodInvocationAgent.invoke(TestInvoker.java:945)
at org.testng.internal.invokers.TestInvoker.invokeTestMethods(TestInvoker.java:193)
at org.testng.internal.invokers.TestMethodWorker.invokeTestMethods(TestMethodWorker.java:146)
at org.testng.internal.invokers.TestMethodWorker.run(TestMethodWorker.java:128)
at java.base/java.util.ArrayList.forEach(ArrayList.java:1541)
at org.testng.TestRunner.privateRun(TestRunner.java:808)
at org.testng.TestRunner.run(TestRunner.java:603)
at org.testng.SuiteRunner.runTest(SuiteRunner.java:429)
at org.testng.SuiteRunner.runSequentially(SuiteRunner.java:423)
at org.testng.SuiteRunner.privateRun(SuiteRunner.java:383)
at org.testng.SuiteRunner.run(SuiteRunner.java:326)
at org.testng.SuiteRunnerWorker.runSuite(SuiteRunnerWorker.java:52)
at org.testng.SuiteRunnerWorker.run(SuiteRunnerWorker.java:95)
at org.testng.TestNG.runSuitesSequentially(TestNG.java:1249)
at org.testng.TestNG.runSuitesLocally(TestNG.java:1169)
at org.testng.TestNG.runSuites(TestNG.java:1092)
at org.testng.TestNG.run(TestNG.java:1060)
at org.apache.maven.surefire.testng.TestNGExecutor.run(TestNGExecutor.java:283)
at org.apache.maven.surefire.testng.TestNGXmlTestSuite.execute(TestNGXmlTestSuite.java:75)
at org.apache.maven.surefire.testng.TestNGProvider.invoke(TestNGProvider.java:120)
at org.apache.maven.surefire.booter.ForkedBooter.invokeProviderInSameClassLoader(ForkedBooter.java:384)
at org.apache.maven.surefire.booter.ForkedBooter.runSuitesInProcess(ForkedBooter.java:345)
at org.apache.maven.surefire.booter.ForkedBooter.execute(ForkedBooter.java:126)
at org.apache.maven.surefire.booter.ForkedBooter.main(ForkedBooter.java:418)
]]>
            </full-stacktrace>
          </exception> <!-- org.openqa.selenium.StaleElementReferenceException -->
          <reporter-output>
          </reporter-output>
        </test-method> <!-- AssessmentCreationOperations -->
        <test-method signature="AssignmentCreationOperations(java.util.Map)[pri:11, instance:mykademy.tests.MykademyTestSuite@66d3eec0]" started-at="2022-06-29T11:44:51 IST" name="AssignmentCreationOperations" data-provider="getData" finished-at="2022-06-29T11:45:01 IST" duration-ms="10052" status="FAIL">
          <params>
            <param index="0">
              <value>
                <![CDATA[{assignmentName=Automation Assignment title, assignmentDescription=Automation Assignment description, assignmentTotalMark=30, assignmentWorldLimit=25000, resubmissionDateCount=2}]]>
              </value>
            </param>
          </params>
          <exception class="org.openqa.selenium.NoSuchElementException">
            <message>
              <![CDATA[no such element: Unable to locate element: {"method":"xpath","selector":".//span[@class='lecture-type-holder' and contains(text(),'Assignment')]"}
  (Session info: chrome=103.0.5060.66)
For documentation on this error, please visit: https://selenium.dev/exceptions/#no_such_element
Build info: version: '4.1.1', revision: 'e8fcc2cecf'
System info: host: 'DESKTOP-OFIDLPQ', ip: '192.168.1.9', os.name: 'Windows 10', os.arch: 'amd64', os.version: '10.0', java.version: '11.0.12'
Driver info: org.openqa.selenium.chrome.ChromeDriver
Command: [14e9be1a921155237f2fbd3109d3b2a4, findElement {using=xpath, value=.//span[@class='lecture-type-holder' and contains(text(),'Assignment')]}]
Capabilities {acceptInsecureCerts: false, browserName: chrome, browserVersion: 103.0.5060.66, chrome: {chromedriverVersion: 103.0.5060.53 (a1711811edd7..., userDataDir: C:\Users\Enfin\AppData\Loca...}, goog:chromeOptions: {debuggerAddress: localhost:64255}, javascriptEnabled: true, networkConnectionEnabled: false, pageLoadStrategy: normal, platform: WINDOWS, platformName: WINDOWS, proxy: Proxy(), se:cdp: ws://localhost:64255/devtoo..., se:cdpVersion: 103.0.5060.66, setWindowRect: true, strictFileInteractability: false, timeouts: {implicit: 0, pageLoad: 300000, script: 30000}, unhandledPromptBehavior: dismiss and notify, webauthn:extension:credBlob: true, webauthn:extension:largeBlob: true, webauthn:virtualAuthenticators: true}
Session ID: 14e9be1a921155237f2fbd3109d3b2a4]]>
            </message>
            <full-stacktrace>
              <![CDATA[org.openqa.selenium.NoSuchElementException: no such element: Unable to locate element: {"method":"xpath","selector":".//span[@class='lecture-type-holder' and contains(text(),'Assignment')]"}
  (Session info: chrome=103.0.5060.66)
For documentation on this error, please visit: https://selenium.dev/exceptions/#no_such_element
Build info: version: '4.1.1', revision: 'e8fcc2cecf'
System info: host: 'DESKTOP-OFIDLPQ', ip: '192.168.1.9', os.name: 'Windows 10', os.arch: 'amd64', os.version: '10.0', java.version: '11.0.12'
Driver info: org.openqa.selenium.chrome.ChromeDriver
Command: [14e9be1a921155237f2fbd3109d3b2a4, findElement {using=xpath, value=.//span[@class='lecture-type-holder' and contains(text(),'Assignment')]}]
Capabilities {acceptInsecureCerts: false, browserName: chrome, browserVersion: 103.0.5060.66, chrome: {chromedriverVersion: 103.0.5060.53 (a1711811edd7..., userDataDir: C:\Users\Enfin\AppData\Loca...}, goog:chromeOptions: {debuggerAddress: localhost:64255}, javascriptEnabled: true, networkConnectionEnabled: false, pageLoadStrategy: normal, platform: WINDOWS, platformName: WINDOWS, proxy: Proxy(), se:cdp: ws://localhost:64255/devtoo..., se:cdpVersion: 103.0.5060.66, setWindowRect: true, strictFileInteractability: false, timeouts: {implicit: 0, pageLoad: 300000, script: 30000}, unhandledPromptBehavior: dismiss and notify, webauthn:extension:credBlob: true, webauthn:extension:largeBlob: true, webauthn:virtualAuthenticators: true}
Session ID: 14e9be1a921155237f2fbd3109d3b2a4
at java.base/jdk.internal.reflect.NativeConstructorAccessorImpl.newInstance0(Native Method)
at java.base/jdk.internal.reflect.NativeConstructorAccessorImpl.newInstance(NativeConstructorAccessorImpl.java:62)
at java.base/jdk.internal.reflect.DelegatingConstructorAccessorImpl.newInstance(DelegatingConstructorAccessorImpl.java:45)
at java.base/java.lang.reflect.Constructor.newInstance(Constructor.java:490)
at org.openqa.selenium.remote.codec.w3c.W3CHttpResponseCodec.createException(W3CHttpResponseCodec.java:200)
at org.openqa.selenium.remote.codec.w3c.W3CHttpResponseCodec.decode(W3CHttpResponseCodec.java:133)
at org.openqa.selenium.remote.codec.w3c.W3CHttpResponseCodec.decode(W3CHttpResponseCodec.java:53)
at org.openqa.selenium.remote.HttpCommandExecutor.execute(HttpCommandExecutor.java:184)
at org.openqa.selenium.remote.service.DriverCommandExecutor.invokeExecute(DriverCommandExecutor.java:167)
at org.openqa.selenium.remote.service.DriverCommandExecutor.execute(DriverCommandExecutor.java:142)
at org.openqa.selenium.remote.RemoteWebDriver.execute(RemoteWebDriver.java:543)
at org.openqa.selenium.remote.ElementLocation$ElementFinder$2.findElement(ElementLocation.java:162)
at org.openqa.selenium.remote.ElementLocation.findElement(ElementLocation.java:60)
at org.openqa.selenium.remote.RemoteWebDriver.findElement(RemoteWebDriver.java:367)
at org.openqa.selenium.remote.RemoteWebDriver.findElement(RemoteWebDriver.java:359)
at org.openqa.selenium.support.pagefactory.DefaultElementLocator.findElement(DefaultElementLocator.java:70)
at org.openqa.selenium.support.pagefactory.internal.LocatingElementHandler.invoke(LocatingElementHandler.java:39)
at com.sun.proxy.$Proxy14.click(Unknown Source)
at mykademy.pages.CourseCreationModule.AssignmentCreation(CourseCreationModule.java:661)
at mykademy.tests.MykademyTestSuite.AssignmentCreationOperations(MykademyTestSuite.java:97)
at java.base/jdk.internal.reflect.NativeMethodAccessorImpl.invoke0(Native Method)
at java.base/jdk.internal.reflect.NativeMethodAccessorImpl.invoke(NativeMethodAccessorImpl.java:62)
at java.base/jdk.internal.reflect.DelegatingMethodAccessorImpl.invoke(DelegatingMethodAccessorImpl.java:43)
at java.base/java.lang.reflect.Method.invoke(Method.java:566)
at org.testng.internal.invokers.MethodInvocationHelper.invokeMethod(MethodInvocationHelper.java:135)
at org.testng.internal.invokers.TestInvoker.invokeMethod(TestInvoker.java:673)
at org.testng.internal.invokers.TestInvoker.invokeTestMethod(TestInvoker.java:220)
at org.testng.internal.invokers.MethodRunner.runInSequence(MethodRunner.java:50)
at org.testng.internal.invokers.TestInvoker$MethodInvocationAgent.invoke(TestInvoker.java:945)
at org.testng.internal.invokers.TestInvoker.invokeTestMethods(TestInvoker.java:193)
at org.testng.internal.invokers.TestMethodWorker.invokeTestMethods(TestMethodWorker.java:146)
at org.testng.internal.invokers.TestMethodWorker.run(TestMethodWorker.java:128)
at java.base/java.util.ArrayList.forEach(ArrayList.java:1541)
at org.testng.TestRunner.privateRun(TestRunner.java:808)
at org.testng.TestRunner.run(TestRunner.java:603)
at org.testng.SuiteRunner.runTest(SuiteRunner.java:429)
at org.testng.SuiteRunner.runSequentially(SuiteRunner.java:423)
at org.testng.SuiteRunner.privateRun(SuiteRunner.java:383)
at org.testng.SuiteRunner.run(SuiteRunner.java:326)
at org.testng.SuiteRunnerWorker.runSuite(SuiteRunnerWorker.java:52)
at org.testng.SuiteRunnerWorker.run(SuiteRunnerWorker.java:95)
at org.testng.TestNG.runSuitesSequentially(TestNG.java:1249)
at org.testng.TestNG.runSuitesLocally(TestNG.java:1169)
at org.testng.TestNG.runSuites(TestNG.java:1092)
at org.testng.TestNG.run(TestNG.java:1060)
at org.apache.maven.surefire.testng.TestNGExecutor.run(TestNGExecutor.java:283)
at org.apache.maven.surefire.testng.TestNGXmlTestSuite.execute(TestNGXmlTestSuite.java:75)
at org.apache.maven.surefire.testng.TestNGProvider.invoke(TestNGProvider.java:120)
at org.apache.maven.surefire.booter.ForkedBooter.invokeProviderInSameClassLoader(ForkedBooter.java:384)
at org.apache.maven.surefire.booter.ForkedBooter.runSuitesInProcess(ForkedBooter.java:345)
at org.apache.maven.surefire.booter.ForkedBooter.execute(ForkedBooter.java:126)
at org.apache.maven.surefire.booter.ForkedBooter.main(ForkedBooter.java:418)
]]>
            </full-stacktrace>
          </exception> <!-- org.openqa.selenium.NoSuchElementException -->
          <reporter-output>
          </reporter-output>
        </test-method> <!-- AssignmentCreationOperations -->
        <test-method signature="HTMLCreationOperations(java.util.Map)[pri:12, instance:mykademy.tests.MykademyTestSuite@66d3eec0]" started-at="2022-06-29T11:45:01 IST" name="HTMLCreationOperations" data-provider="getData" finished-at="2022-06-29T11:45:21 IST" duration-ms="19127" status="FAIL">
          <params>
            <param index="0">
              <value>
                <![CDATA[{htmlContentTitle=Automation Html lecture 1, htmlContentDescription=Automation HTML lecture content description.}]]>
              </value>
            </param>
          </params>
          <exception class="org.openqa.selenium.StaleElementReferenceException">
            <message>
              <![CDATA[stale element reference: element is not attached to the page document
  (Session info: chrome=103.0.5060.66)
For documentation on this error, please visit: https://selenium.dev/exceptions/#stale_element_reference
Build info: version: '4.1.1', revision: 'e8fcc2cecf'
System info: host: 'DESKTOP-OFIDLPQ', ip: '192.168.1.9', os.name: 'Windows 10', os.arch: 'amd64', os.version: '10.0', java.version: '11.0.12'
Driver info: org.openqa.selenium.chrome.ChromeDriver
Command: [14e9be1a921155237f2fbd3109d3b2a4, clickElement {id=e7a5582e-8be9-40f7-8183-9b7902356be9}]
Capabilities {acceptInsecureCerts: false, browserName: chrome, browserVersion: 103.0.5060.66, chrome: {chromedriverVersion: 103.0.5060.53 (a1711811edd7..., userDataDir: C:\Users\Enfin\AppData\Loca...}, goog:chromeOptions: {debuggerAddress: localhost:64255}, javascriptEnabled: true, networkConnectionEnabled: false, pageLoadStrategy: normal, platform: WINDOWS, platformName: WINDOWS, proxy: Proxy(), se:cdp: ws://localhost:64255/devtoo..., se:cdpVersion: 103.0.5060.66, setWindowRect: true, strictFileInteractability: false, timeouts: {implicit: 0, pageLoad: 300000, script: 30000}, unhandledPromptBehavior: dismiss and notify, webauthn:extension:credBlob: true, webauthn:extension:largeBlob: true, webauthn:virtualAuthenticators: true}
Element: [[ChromeDriver: chrome on WINDOWS (14e9be1a921155237f2fbd3109d3b2a4)] -> xpath: .//span[@class='lecture-type-holder' and contains(text(),'HTML')]]
Session ID: 14e9be1a921155237f2fbd3109d3b2a4]]>
            </message>
            <full-stacktrace>
              <![CDATA[org.openqa.selenium.StaleElementReferenceException: stale element reference: element is not attached to the page document
  (Session info: chrome=103.0.5060.66)
For documentation on this error, please visit: https://selenium.dev/exceptions/#stale_element_reference
Build info: version: '4.1.1', revision: 'e8fcc2cecf'
System info: host: 'DESKTOP-OFIDLPQ', ip: '192.168.1.9', os.name: 'Windows 10', os.arch: 'amd64', os.version: '10.0', java.version: '11.0.12'
Driver info: org.openqa.selenium.chrome.ChromeDriver
Command: [14e9be1a921155237f2fbd3109d3b2a4, clickElement {id=e7a5582e-8be9-40f7-8183-9b7902356be9}]
Capabilities {acceptInsecureCerts: false, browserName: chrome, browserVersion: 103.0.5060.66, chrome: {chromedriverVersion: 103.0.5060.53 (a1711811edd7..., userDataDir: C:\Users\Enfin\AppData\Loca...}, goog:chromeOptions: {debuggerAddress: localhost:64255}, javascriptEnabled: true, networkConnectionEnabled: false, pageLoadStrategy: normal, platform: WINDOWS, platformName: WINDOWS, proxy: Proxy(), se:cdp: ws://localhost:64255/devtoo..., se:cdpVersion: 103.0.5060.66, setWindowRect: true, strictFileInteractability: false, timeouts: {implicit: 0, pageLoad: 300000, script: 30000}, unhandledPromptBehavior: dismiss and notify, webauthn:extension:credBlob: true, webauthn:extension:largeBlob: true, webauthn:virtualAuthenticators: true}
Element: [[ChromeDriver: chrome on WINDOWS (14e9be1a921155237f2fbd3109d3b2a4)] -> xpath: .//span[@class='lecture-type-holder' and contains(text(),'HTML')]]
Session ID: 14e9be1a921155237f2fbd3109d3b2a4
at java.base/jdk.internal.reflect.NativeConstructorAccessorImpl.newInstance0(Native Method)
at java.base/jdk.internal.reflect.NativeConstructorAccessorImpl.newInstance(NativeConstructorAccessorImpl.java:62)
at java.base/jdk.internal.reflect.DelegatingConstructorAccessorImpl.newInstance(DelegatingConstructorAccessorImpl.java:45)
at java.base/java.lang.reflect.Constructor.newInstance(Constructor.java:490)
at org.openqa.selenium.remote.codec.w3c.W3CHttpResponseCodec.createException(W3CHttpResponseCodec.java:200)
at org.openqa.selenium.remote.codec.w3c.W3CHttpResponseCodec.decode(W3CHttpResponseCodec.java:133)
at org.openqa.selenium.remote.codec.w3c.W3CHttpResponseCodec.decode(W3CHttpResponseCodec.java:53)
at org.openqa.selenium.remote.HttpCommandExecutor.execute(HttpCommandExecutor.java:184)
at org.openqa.selenium.remote.service.DriverCommandExecutor.invokeExecute(DriverCommandExecutor.java:167)
at org.openqa.selenium.remote.service.DriverCommandExecutor.execute(DriverCommandExecutor.java:142)
at org.openqa.selenium.remote.RemoteWebDriver.execute(RemoteWebDriver.java:543)
at org.openqa.selenium.remote.RemoteWebElement.execute(RemoteWebElement.java:251)
at org.openqa.selenium.remote.RemoteWebElement.click(RemoteWebElement.java:77)
at jdk.internal.reflect.GeneratedMethodAccessor1.invoke(Unknown Source)
at java.base/jdk.internal.reflect.DelegatingMethodAccessorImpl.invoke(DelegatingMethodAccessorImpl.java:43)
at java.base/java.lang.reflect.Method.invoke(Method.java:566)
at org.openqa.selenium.support.pagefactory.internal.LocatingElementHandler.invoke(LocatingElementHandler.java:52)
at com.sun.proxy.$Proxy14.click(Unknown Source)
at mykademy.pages.CourseCreationModule.HTMLLecture(CourseCreationModule.java:699)
at mykademy.tests.MykademyTestSuite.HTMLCreationOperations(MykademyTestSuite.java:102)
at java.base/jdk.internal.reflect.NativeMethodAccessorImpl.invoke0(Native Method)
at java.base/jdk.internal.reflect.NativeMethodAccessorImpl.invoke(NativeMethodAccessorImpl.java:62)
at java.base/jdk.internal.reflect.DelegatingMethodAccessorImpl.invoke(DelegatingMethodAccessorImpl.java:43)
at java.base/java.lang.reflect.Method.invoke(Method.java:566)
at org.testng.internal.invokers.MethodInvocationHelper.invokeMethod(MethodInvocationHelper.java:135)
at org.testng.internal.invokers.TestInvoker.invokeMethod(TestInvoker.java:673)
at org.testng.internal.invokers.TestInvoker.invokeTestMethod(TestInvoker.java:220)
at org.testng.internal.invokers.MethodRunner.runInSequence(MethodRunner.java:50)
at org.testng.internal.invokers.TestInvoker$MethodInvocationAgent.invoke(TestInvoker.java:945)
at org.testng.internal.invokers.TestInvoker.invokeTestMethods(TestInvoker.java:193)
at org.testng.internal.invokers.TestMethodWorker.invokeTestMethods(TestMethodWorker.java:146)
at org.testng.internal.invokers.TestMethodWorker.run(TestMethodWorker.java:128)
at java.base/java.util.ArrayList.forEach(ArrayList.java:1541)
at org.testng.TestRunner.privateRun(TestRunner.java:808)
at org.testng.TestRunner.run(TestRunner.java:603)
at org.testng.SuiteRunner.runTest(SuiteRunner.java:429)
at org.testng.SuiteRunner.runSequentially(SuiteRunner.java:423)
at org.testng.SuiteRunner.privateRun(SuiteRunner.java:383)
at org.testng.SuiteRunner.run(SuiteRunner.java:326)
at org.testng.SuiteRunnerWorker.runSuite(SuiteRunnerWorker.java:52)
at org.testng.SuiteRunnerWorker.run(SuiteRunnerWorker.java:95)
at org.testng.TestNG.runSuitesSequentially(TestNG.java:1249)
at org.testng.TestNG.runSuitesLocally(TestNG.java:1169)
at org.testng.TestNG.runSuites(TestNG.java:1092)
at org.testng.TestNG.run(TestNG.java:1060)
at org.apache.maven.surefire.testng.TestNGExecutor.run(TestNGExecutor.java:283)
at org.apache.maven.surefire.testng.TestNGXmlTestSuite.execute(TestNGXmlTestSuite.java:75)
at org.apache.maven.surefire.testng.TestNGProvider.invoke(TestNGProvider.java:120)
at org.apache.maven.surefire.booter.ForkedBooter.invokeProviderInSameClassLoader(ForkedBooter.java:384)
at org.apache.maven.surefire.booter.ForkedBooter.runSuitesInProcess(ForkedBooter.java:345)
at org.apache.maven.surefire.booter.ForkedBooter.execute(ForkedBooter.java:126)
at org.apache.maven.surefire.booter.ForkedBooter.main(ForkedBooter.java:418)
]]>
            </full-stacktrace>
          </exception> <!-- org.openqa.selenium.StaleElementReferenceException -->
          <reporter-output>
          </reporter-output>
        </test-method> <!-- HTMLCreationOperations -->
        <test-method signature="ScormCreationOperations(java.util.Map)[pri:13, instance:mykademy.tests.MykademyTestSuite@66d3eec0]" started-at="2022-06-29T11:45:21 IST" name="ScormCreationOperations" data-provider="getData" finished-at="2022-06-29T11:45:46 IST" duration-ms="25027" status="PASS">
          <params>
            <param index="0">
              <value>
                <![CDATA[{lectureNameFld=Automation Scorm Lecture, lectureDescriptionFld=Automation Scorm Lecture content}]]>
              </value>
            </param>
          </params>
          <reporter-output>
          </reporter-output>
        </test-method> <!-- ScormCreationOperations -->
        <test-method signature="YouTubeCreationOperations(java.util.Map)[pri:14, instance:mykademy.tests.MykademyTestSuite@66d3eec0]" started-at="2022-06-29T11:45:46 IST" name="YouTubeCreationOperations" data-provider="getData" finished-at="2022-06-29T11:45:51 IST" duration-ms="5455" status="PASS">
          <params>
            <param index="0">
              <value>
                <![CDATA[{youTubeContentTitle=Automation YouTube Lecture, youTubeContentDescription=Automation Youtube Video Lecture, enterYouTubeUrl=https://www.youtube.com/watch?v=mOAXEQevCAE}]]>
              </value>
            </param>
          </params>
          <reporter-output>
          </reporter-output>
        </test-method> <!-- YouTubeCreationOperations -->
        <test-method signature="SurveyCreationOperations(java.util.Map)[pri:15, instance:mykademy.tests.MykademyTestSuite@66d3eec0]" started-at="2022-06-29T11:45:51 IST" name="SurveyCreationOperations" data-provider="getData" finished-at="2022-06-29T11:46:02 IST" duration-ms="10842" status="PASS">
          <params>
            <param index="0">
              <value>
                <![CDATA[{surveyContentTitle=Automation Survey, surveyContentDescription=Automation Survey description., surveyQuestionAdd=Rate the Course out of Five.}]]>
              </value>
            </param>
          </params>
          <reporter-output>
          </reporter-output>
        </test-method> <!-- SurveyCreationOperations -->
        <test-method signature="SurveyCreationOperations(java.util.Map)[pri:15, instance:mykademy.tests.MykademyTestSuite@66d3eec0]" started-at="2022-06-29T11:46:02 IST" name="SurveyCreationOperations" data-provider="getData" finished-at="2022-06-29T11:46:12 IST" duration-ms="10524" status="PASS">
          <params>
            <param index="0">
              <value>
                <![CDATA[{surveyContentTitle=Automation Facilitator Survey, surveyContentDescription=Automation Facilitator Survey description., surveyQuestionAdd=Rate the Facilitator out of Five.}]]>
              </value>
            </param>
          </params>
          <reporter-output>
          </reporter-output>
        </test-method> <!-- SurveyCreationOperations -->
        <test-method signature="CourseSettingsOperations(java.util.Map)[pri:16, instance:mykademy.tests.MykademyTestSuite@66d3eec0]" started-at="2022-06-29T11:46:12 IST" name="CourseSettingsOperations" data-provider="getData" finished-at="2022-06-29T11:46:26 IST" duration-ms="13274" status="FAIL">
          <params>
            <param index="0">
              <value>
                <![CDATA[{courseShortDescription=This is an Automation course short Description, courseDescription=This is a Course Description of the Course., courseActualPrice=20}]]>
              </value>
            </param>
          </params>
          <exception class="org.openqa.selenium.StaleElementReferenceException">
            <message>
              <![CDATA[stale element reference: element is not attached to the page document
  (Session info: chrome=103.0.5060.66)
For documentation on this error, please visit: https://selenium.dev/exceptions/#stale_element_reference
Build info: version: '4.1.1', revision: 'e8fcc2cecf'
System info: host: 'DESKTOP-OFIDLPQ', ip: '192.168.1.9', os.name: 'Windows 10', os.arch: 'amd64', os.version: '10.0', java.version: '11.0.12'
Driver info: org.openqa.selenium.chrome.ChromeDriver
Command: [14e9be1a921155237f2fbd3109d3b2a4, clickElement {id=f8592133-6d28-40cb-b17a-cf93218a4ef4}]
Capabilities {acceptInsecureCerts: false, browserName: chrome, browserVersion: 103.0.5060.66, chrome: {chromedriverVersion: 103.0.5060.53 (a1711811edd7..., userDataDir: C:\Users\Enfin\AppData\Loca...}, goog:chromeOptions: {debuggerAddress: localhost:64255}, javascriptEnabled: true, networkConnectionEnabled: false, pageLoadStrategy: normal, platform: WINDOWS, platformName: WINDOWS, proxy: Proxy(), se:cdp: ws://localhost:64255/devtoo..., se:cdpVersion: 103.0.5060.66, setWindowRect: true, strictFileInteractability: false, timeouts: {implicit: 0, pageLoad: 300000, script: 30000}, unhandledPromptBehavior: dismiss and notify, webauthn:extension:credBlob: true, webauthn:extension:largeBlob: true, webauthn:virtualAuthenticators: true}
Element: [[ChromeDriver: chrome on WINDOWS (14e9be1a921155237f2fbd3109d3b2a4)] -> id: advanced_confirm_box_ok]
Session ID: 14e9be1a921155237f2fbd3109d3b2a4]]>
            </message>
            <full-stacktrace>
              <![CDATA[org.openqa.selenium.StaleElementReferenceException: stale element reference: element is not attached to the page document
  (Session info: chrome=103.0.5060.66)
For documentation on this error, please visit: https://selenium.dev/exceptions/#stale_element_reference
Build info: version: '4.1.1', revision: 'e8fcc2cecf'
System info: host: 'DESKTOP-OFIDLPQ', ip: '192.168.1.9', os.name: 'Windows 10', os.arch: 'amd64', os.version: '10.0', java.version: '11.0.12'
Driver info: org.openqa.selenium.chrome.ChromeDriver
Command: [14e9be1a921155237f2fbd3109d3b2a4, clickElement {id=f8592133-6d28-40cb-b17a-cf93218a4ef4}]
Capabilities {acceptInsecureCerts: false, browserName: chrome, browserVersion: 103.0.5060.66, chrome: {chromedriverVersion: 103.0.5060.53 (a1711811edd7..., userDataDir: C:\Users\Enfin\AppData\Loca...}, goog:chromeOptions: {debuggerAddress: localhost:64255}, javascriptEnabled: true, networkConnectionEnabled: false, pageLoadStrategy: normal, platform: WINDOWS, platformName: WINDOWS, proxy: Proxy(), se:cdp: ws://localhost:64255/devtoo..., se:cdpVersion: 103.0.5060.66, setWindowRect: true, strictFileInteractability: false, timeouts: {implicit: 0, pageLoad: 300000, script: 30000}, unhandledPromptBehavior: dismiss and notify, webauthn:extension:credBlob: true, webauthn:extension:largeBlob: true, webauthn:virtualAuthenticators: true}
Element: [[ChromeDriver: chrome on WINDOWS (14e9be1a921155237f2fbd3109d3b2a4)] -> id: advanced_confirm_box_ok]
Session ID: 14e9be1a921155237f2fbd3109d3b2a4
at java.base/jdk.internal.reflect.NativeConstructorAccessorImpl.newInstance0(Native Method)
at java.base/jdk.internal.reflect.NativeConstructorAccessorImpl.newInstance(NativeConstructorAccessorImpl.java:62)
at java.base/jdk.internal.reflect.DelegatingConstructorAccessorImpl.newInstance(DelegatingConstructorAccessorImpl.java:45)
at java.base/java.lang.reflect.Constructor.newInstance(Constructor.java:490)
at org.openqa.selenium.remote.codec.w3c.W3CHttpResponseCodec.createException(W3CHttpResponseCodec.java:200)
at org.openqa.selenium.remote.codec.w3c.W3CHttpResponseCodec.decode(W3CHttpResponseCodec.java:133)
at org.openqa.selenium.remote.codec.w3c.W3CHttpResponseCodec.decode(W3CHttpResponseCodec.java:53)
at org.openqa.selenium.remote.HttpCommandExecutor.execute(HttpCommandExecutor.java:184)
at org.openqa.selenium.remote.service.DriverCommandExecutor.invokeExecute(DriverCommandExecutor.java:167)
at org.openqa.selenium.remote.service.DriverCommandExecutor.execute(DriverCommandExecutor.java:142)
at org.openqa.selenium.remote.RemoteWebDriver.execute(RemoteWebDriver.java:543)
at org.openqa.selenium.remote.RemoteWebElement.execute(RemoteWebElement.java:251)
at org.openqa.selenium.remote.RemoteWebElement.click(RemoteWebElement.java:77)
at jdk.internal.reflect.GeneratedMethodAccessor1.invoke(Unknown Source)
at java.base/jdk.internal.reflect.DelegatingMethodAccessorImpl.invoke(DelegatingMethodAccessorImpl.java:43)
at java.base/java.lang.reflect.Method.invoke(Method.java:566)
at org.openqa.selenium.support.pagefactory.internal.LocatingElementHandler.invoke(LocatingElementHandler.java:52)
at com.sun.proxy.$Proxy14.click(Unknown Source)
at mykademy.pages.CourseCreationModule.CourseSettings(CourseCreationModule.java:849)
at mykademy.tests.MykademyTestSuite.CourseSettingsOperations(MykademyTestSuite.java:122)
at java.base/jdk.internal.reflect.NativeMethodAccessorImpl.invoke0(Native Method)
at java.base/jdk.internal.reflect.NativeMethodAccessorImpl.invoke(NativeMethodAccessorImpl.java:62)
at java.base/jdk.internal.reflect.DelegatingMethodAccessorImpl.invoke(DelegatingMethodAccessorImpl.java:43)
at java.base/java.lang.reflect.Method.invoke(Method.java:566)
at org.testng.internal.invokers.MethodInvocationHelper.invokeMethod(MethodInvocationHelper.java:135)
at org.testng.internal.invokers.TestInvoker.invokeMethod(TestInvoker.java:673)
at org.testng.internal.invokers.TestInvoker.invokeTestMethod(TestInvoker.java:220)
at org.testng.internal.invokers.MethodRunner.runInSequence(MethodRunner.java:50)
at org.testng.internal.invokers.TestInvoker$MethodInvocationAgent.invoke(TestInvoker.java:945)
at org.testng.internal.invokers.TestInvoker.invokeTestMethods(TestInvoker.java:193)
at org.testng.internal.invokers.TestMethodWorker.invokeTestMethods(TestMethodWorker.java:146)
at org.testng.internal.invokers.TestMethodWorker.run(TestMethodWorker.java:128)
at java.base/java.util.ArrayList.forEach(ArrayList.java:1541)
at org.testng.TestRunner.privateRun(TestRunner.java:808)
at org.testng.TestRunner.run(TestRunner.java:603)
at org.testng.SuiteRunner.runTest(SuiteRunner.java:429)
at org.testng.SuiteRunner.runSequentially(SuiteRunner.java:423)
at org.testng.SuiteRunner.privateRun(SuiteRunner.java:383)
at org.testng.SuiteRunner.run(SuiteRunner.java:326)
at org.testng.SuiteRunnerWorker.runSuite(SuiteRunnerWorker.java:52)
at org.testng.SuiteRunnerWorker.run(SuiteRunnerWorker.java:95)
at org.testng.TestNG.runSuitesSequentially(TestNG.java:1249)
at org.testng.TestNG.runSuitesLocally(TestNG.java:1169)
at org.testng.TestNG.runSuites(TestNG.java:1092)
at org.testng.TestNG.run(TestNG.java:1060)
at org.apache.maven.surefire.testng.TestNGExecutor.run(TestNGExecutor.java:283)
at org.apache.maven.surefire.testng.TestNGXmlTestSuite.execute(TestNGXmlTestSuite.java:75)
at org.apache.maven.surefire.testng.TestNGProvider.invoke(TestNGProvider.java:120)
at org.apache.maven.surefire.booter.ForkedBooter.invokeProviderInSameClassLoader(ForkedBooter.java:384)
at org.apache.maven.surefire.booter.ForkedBooter.runSuitesInProcess(ForkedBooter.java:345)
at org.apache.maven.surefire.booter.ForkedBooter.execute(ForkedBooter.java:126)
at org.apache.maven.surefire.booter.ForkedBooter.main(ForkedBooter.java:418)
]]>
            </full-stacktrace>
          </exception> <!-- org.openqa.selenium.StaleElementReferenceException -->
          <reporter-output>
          </reporter-output>
        </test-method> <!-- CourseSettingsOperations -->
        <test-method signature="ActivateCourseOperations(java.util.Map)[pri:17, instance:mykademy.tests.MykademyTestSuite@66d3eec0]" started-at="2022-06-29T11:46:26 IST" name="ActivateCourseOperations" data-provider="getData" finished-at="2022-06-29T11:46:26 IST" duration-ms="0" status="FAIL">
          <exception class="org.testng.TestNGException">
            <message>
              <![CDATA[
Data Provider public java.lang.Object[][] mykademy.tests.TestBase.getData(java.lang.reflect.Method) returned a null value]]>
            </message>
            <full-stacktrace>
              <![CDATA[org.testng.TestNGException: 
Data Provider public java.lang.Object[][] mykademy.tests.TestBase.getData(java.lang.reflect.Method) returned a null value
at org.testng.internal.invokers.MethodInvocationHelper.invokeDataProvider(MethodInvocationHelper.java:155)
at org.testng.internal.Parameters.handleParameters(Parameters.java:767)
at org.testng.internal.Parameters.handleParameters(Parameters.java:704)
at org.testng.internal.invokers.ParameterHandler.handleParameters(ParameterHandler.java:70)
at org.testng.internal.invokers.ParameterHandler.createParameters(ParameterHandler.java:49)
at org.testng.internal.invokers.TestInvoker$MethodInvocationAgent.invoke(TestInvoker.java:904)
at org.testng.internal.invokers.TestInvoker.invokeTestMethods(TestInvoker.java:193)
at org.testng.internal.invokers.TestMethodWorker.invokeTestMethods(TestMethodWorker.java:146)
at org.testng.internal.invokers.TestMethodWorker.run(TestMethodWorker.java:128)
at java.base/java.util.ArrayList.forEach(ArrayList.java:1541)
at org.testng.TestRunner.privateRun(TestRunner.java:808)
at org.testng.TestRunner.run(TestRunner.java:603)
at org.testng.SuiteRunner.runTest(SuiteRunner.java:429)
at org.testng.SuiteRunner.runSequentially(SuiteRunner.java:423)
at org.testng.SuiteRunner.privateRun(SuiteRunner.java:383)
at org.testng.SuiteRunner.run(SuiteRunner.java:326)
at org.testng.SuiteRunnerWorker.runSuite(SuiteRunnerWorker.java:52)
at org.testng.SuiteRunnerWorker.run(SuiteRunnerWorker.java:95)
at org.testng.TestNG.runSuitesSequentially(TestNG.java:1249)
at org.testng.TestNG.runSuitesLocally(TestNG.java:1169)
at org.testng.TestNG.runSuites(TestNG.java:1092)
at org.testng.TestNG.run(TestNG.java:1060)
at org.apache.maven.surefire.testng.TestNGExecutor.run(TestNGExecutor.java:283)
at org.apache.maven.surefire.testng.TestNGXmlTestSuite.execute(TestNGXmlTestSuite.java:75)
at org.apache.maven.surefire.testng.TestNGProvider.invoke(TestNGProvider.java:120)
at org.apache.maven.surefire.booter.ForkedBooter.invokeProviderInSameClassLoader(ForkedBooter.java:384)
at org.apache.maven.surefire.booter.ForkedBooter.runSuitesInProcess(ForkedBooter.java:345)
at org.apache.maven.surefire.booter.ForkedBooter.execute(ForkedBooter.java:126)
at org.apache.maven.surefire.booter.ForkedBooter.main(ForkedBooter.java:418)
]]>
            </full-stacktrace>
          </exception> <!-- org.testng.TestNGException -->
          <reporter-output>
          </reporter-output>
        </test-method> <!-- ActivateCourseOperations -->
        <test-method signature="DeleteCourseOperations(java.util.Map)[pri:18, instance:mykademy.tests.MykademyTestSuite@66d3eec0]" started-at="2022-06-29T11:46:26 IST" name="DeleteCourseOperations" data-provider="getData" finished-at="2022-06-29T11:46:36 IST" duration-ms="10103" status="FAIL">
          <params>
            <param index="0">
              <value>
                <![CDATA[{DeleteCourseOperations=Automation Custom Course 10.0}]]>
              </value>
            </param>
          </params>
          <exception class="org.openqa.selenium.NoSuchElementException">
            <message>
              <![CDATA[no such element: Unable to locate element: {"method":"xpath","selector":".//input[@id='course_keyword']"}
  (Session info: chrome=103.0.5060.66)
For documentation on this error, please visit: https://selenium.dev/exceptions/#no_such_element
Build info: version: '4.1.1', revision: 'e8fcc2cecf'
System info: host: 'DESKTOP-OFIDLPQ', ip: '192.168.1.9', os.name: 'Windows 10', os.arch: 'amd64', os.version: '10.0', java.version: '11.0.12'
Driver info: org.openqa.selenium.chrome.ChromeDriver
Command: [14e9be1a921155237f2fbd3109d3b2a4, findElement {using=xpath, value=.//input[@id='course_keyword']}]
Capabilities {acceptInsecureCerts: false, browserName: chrome, browserVersion: 103.0.5060.66, chrome: {chromedriverVersion: 103.0.5060.53 (a1711811edd7..., userDataDir: C:\Users\Enfin\AppData\Loca...}, goog:chromeOptions: {debuggerAddress: localhost:64255}, javascriptEnabled: true, networkConnectionEnabled: false, pageLoadStrategy: normal, platform: WINDOWS, platformName: WINDOWS, proxy: Proxy(), se:cdp: ws://localhost:64255/devtoo..., se:cdpVersion: 103.0.5060.66, setWindowRect: true, strictFileInteractability: false, timeouts: {implicit: 0, pageLoad: 300000, script: 30000}, unhandledPromptBehavior: dismiss and notify, webauthn:extension:credBlob: true, webauthn:extension:largeBlob: true, webauthn:virtualAuthenticators: true}
Session ID: 14e9be1a921155237f2fbd3109d3b2a4]]>
            </message>
            <full-stacktrace>
              <![CDATA[org.openqa.selenium.NoSuchElementException: no such element: Unable to locate element: {"method":"xpath","selector":".//input[@id='course_keyword']"}
  (Session info: chrome=103.0.5060.66)
For documentation on this error, please visit: https://selenium.dev/exceptions/#no_such_element
Build info: version: '4.1.1', revision: 'e8fcc2cecf'
System info: host: 'DESKTOP-OFIDLPQ', ip: '192.168.1.9', os.name: 'Windows 10', os.arch: 'amd64', os.version: '10.0', java.version: '11.0.12'
Driver info: org.openqa.selenium.chrome.ChromeDriver
Command: [14e9be1a921155237f2fbd3109d3b2a4, findElement {using=xpath, value=.//input[@id='course_keyword']}]
Capabilities {acceptInsecureCerts: false, browserName: chrome, browserVersion: 103.0.5060.66, chrome: {chromedriverVersion: 103.0.5060.53 (a1711811edd7..., userDataDir: C:\Users\Enfin\AppData\Loca...}, goog:chromeOptions: {debuggerAddress: localhost:64255}, javascriptEnabled: true, networkConnectionEnabled: false, pageLoadStrategy: normal, platform: WINDOWS, platformName: WINDOWS, proxy: Proxy(), se:cdp: ws://localhost:64255/devtoo..., se:cdpVersion: 103.0.5060.66, setWindowRect: true, strictFileInteractability: false, timeouts: {implicit: 0, pageLoad: 300000, script: 30000}, unhandledPromptBehavior: dismiss and notify, webauthn:extension:credBlob: true, webauthn:extension:largeBlob: true, webauthn:virtualAuthenticators: true}
Session ID: 14e9be1a921155237f2fbd3109d3b2a4
at java.base/jdk.internal.reflect.NativeConstructorAccessorImpl.newInstance0(Native Method)
at java.base/jdk.internal.reflect.NativeConstructorAccessorImpl.newInstance(NativeConstructorAccessorImpl.java:62)
at java.base/jdk.internal.reflect.DelegatingConstructorAccessorImpl.newInstance(DelegatingConstructorAccessorImpl.java:45)
at java.base/java.lang.reflect.Constructor.newInstance(Constructor.java:490)
at org.openqa.selenium.remote.codec.w3c.W3CHttpResponseCodec.createException(W3CHttpResponseCodec.java:200)
at org.openqa.selenium.remote.codec.w3c.W3CHttpResponseCodec.decode(W3CHttpResponseCodec.java:133)
at org.openqa.selenium.remote.codec.w3c.W3CHttpResponseCodec.decode(W3CHttpResponseCodec.java:53)
at org.openqa.selenium.remote.HttpCommandExecutor.execute(HttpCommandExecutor.java:184)
at org.openqa.selenium.remote.service.DriverCommandExecutor.invokeExecute(DriverCommandExecutor.java:167)
at org.openqa.selenium.remote.service.DriverCommandExecutor.execute(DriverCommandExecutor.java:142)
at org.openqa.selenium.remote.RemoteWebDriver.execute(RemoteWebDriver.java:543)
at org.openqa.selenium.remote.ElementLocation$ElementFinder$2.findElement(ElementLocation.java:162)
at org.openqa.selenium.remote.ElementLocation.findElement(ElementLocation.java:60)
at org.openqa.selenium.remote.RemoteWebDriver.findElement(RemoteWebDriver.java:367)
at org.openqa.selenium.remote.RemoteWebDriver.findElement(RemoteWebDriver.java:359)
at org.openqa.selenium.support.pagefactory.DefaultElementLocator.findElement(DefaultElementLocator.java:70)
at org.openqa.selenium.support.pagefactory.internal.LocatingElementHandler.invoke(LocatingElementHandler.java:39)
at com.sun.proxy.$Proxy14.sendKeys(Unknown Source)
at mykademy.pages.CourseCreationModule.DeleteCourse(CourseCreationModule.java:873)
at mykademy.tests.MykademyTestSuite.DeleteCourseOperations(MykademyTestSuite.java:131)
at java.base/jdk.internal.reflect.NativeMethodAccessorImpl.invoke0(Native Method)
at java.base/jdk.internal.reflect.NativeMethodAccessorImpl.invoke(NativeMethodAccessorImpl.java:62)
at java.base/jdk.internal.reflect.DelegatingMethodAccessorImpl.invoke(DelegatingMethodAccessorImpl.java:43)
at java.base/java.lang.reflect.Method.invoke(Method.java:566)
at org.testng.internal.invokers.MethodInvocationHelper.invokeMethod(MethodInvocationHelper.java:135)
at org.testng.internal.invokers.TestInvoker.invokeMethod(TestInvoker.java:673)
at org.testng.internal.invokers.TestInvoker.invokeTestMethod(TestInvoker.java:220)
at org.testng.internal.invokers.MethodRunner.runInSequence(MethodRunner.java:50)
at org.testng.internal.invokers.TestInvoker$MethodInvocationAgent.invoke(TestInvoker.java:945)
at org.testng.internal.invokers.TestInvoker.invokeTestMethods(TestInvoker.java:193)
at org.testng.internal.invokers.TestMethodWorker.invokeTestMethods(TestMethodWorker.java:146)
at org.testng.internal.invokers.TestMethodWorker.run(TestMethodWorker.java:128)
at java.base/java.util.ArrayList.forEach(ArrayList.java:1541)
at org.testng.TestRunner.privateRun(TestRunner.java:808)
at org.testng.TestRunner.run(TestRunner.java:603)
at org.testng.SuiteRunner.runTest(SuiteRunner.java:429)
at org.testng.SuiteRunner.runSequentially(SuiteRunner.java:423)
at org.testng.SuiteRunner.privateRun(SuiteRunner.java:383)
at org.testng.SuiteRunner.run(SuiteRunner.java:326)
at org.testng.SuiteRunnerWorker.runSuite(SuiteRunnerWorker.java:52)
at org.testng.SuiteRunnerWorker.run(SuiteRunnerWorker.java:95)
at org.testng.TestNG.runSuitesSequentially(TestNG.java:1249)
at org.testng.TestNG.runSuitesLocally(TestNG.java:1169)
at org.testng.TestNG.runSuites(TestNG.java:1092)
at org.testng.TestNG.run(TestNG.java:1060)
at org.apache.maven.surefire.testng.TestNGExecutor.run(TestNGExecutor.java:283)
at org.apache.maven.surefire.testng.TestNGXmlTestSuite.execute(TestNGXmlTestSuite.java:75)
at org.apache.maven.surefire.testng.TestNGProvider.invoke(TestNGProvider.java:120)
at org.apache.maven.surefire.booter.ForkedBooter.invokeProviderInSameClassLoader(ForkedBooter.java:384)
at org.apache.maven.surefire.booter.ForkedBooter.runSuitesInProcess(ForkedBooter.java:345)
at org.apache.maven.surefire.booter.ForkedBooter.execute(ForkedBooter.java:126)
at org.apache.maven.surefire.booter.ForkedBooter.main(ForkedBooter.java:418)
]]>
            </full-stacktrace>
          </exception> <!-- org.openqa.selenium.NoSuchElementException -->
          <reporter-output>
          </reporter-output>
        </test-method> <!-- DeleteCourseOperations -->
      </class> <!-- mykademy.tests.MykademyTestSuite -->
    </test> <!-- smoke -->
  </suite> <!-- Suite1 -->
</testng-results>
