<?xml version="1.0" encoding="UTF-8"?>
<!-- Generated by org.testng.reporters.JUnitReportReporter -->
<testsuite hostname="DESKTOP-OFIDLPQ" failures="0" tests="7" name="mykademy.tests.MykademyTestSuite" time="49.418" errors="1" timestamp="2022-07-08T01:03:59 IST" skipped="0">
  <testcase classname="mykademy.tests.MykademyTestSuite" name="verifySignUpPage" time="5.525"/>
  <system-out/>
  <testcase classname="mykademy.tests.MykademyTestSuite" name="verifyLoginCheck" time="4.411"/>
  <system-out/>
  <testcase classname="mykademy.tests.MykademyTestSuite" name="courseCreationModuleFirstSteps" time="11.928"/>
  <system-out/>
  <testcase classname="mykademy.tests.MykademyTestSuite" name="HTMLCreationOperations" time="6.744"/>
  <system-out/>
  <testcase classname="mykademy.tests.MykademyTestSuite" name="CourseSettingsOperations" time="10.730"/>
  <system-out/>
  <testcase classname="mykademy.tests.MykademyTestSuite" name="ActivateCourseOperations" time="0.008">
    <error message="
Data Provider public java.lang.Object[][] mykademy.tests.TestBase.getData(java.lang.reflect.Method) returned a null value" type="org.testng.TestNGException">
      <![CDATA[org.testng.TestNGException: 
Data Provider public java.lang.Object[][] mykademy.tests.TestBase.getData(java.lang.reflect.Method) returned a null value
at org.testng.internal.invokers.MethodInvocationHelper.invokeDataProvider(MethodInvocationHelper.java:155)
at org.testng.internal.Parameters.handleParameters(Parameters.java:767)
at org.testng.internal.Parameters.handleParameters(Parameters.java:704)
at org.testng.internal.invokers.ParameterHandler.handleParameters(ParameterHandler.java:70)
at org.testng.internal.invokers.ParameterHandler.createParameters(ParameterHandler.java:49)
at org.testng.internal.invokers.TestInvoker$MethodInvocationAgent.invoke(TestInvoker.java:904)
at org.testng.internal.invokers.TestInvoker.invokeTestMethods(TestInvoker.java:193)
at org.testng.internal.invokers.TestMethodWorker.invokeTestMethods(TestMethodWorker.java:146)
at org.testng.internal.invokers.TestMethodWorker.run(TestMethodWorker.java:128)
at java.base/java.util.ArrayList.forEach(ArrayList.java:1511)
at org.testng.TestRunner.privateRun(TestRunner.java:808)
at org.testng.TestRunner.run(TestRunner.java:603)
at org.testng.SuiteRunner.runTest(SuiteRunner.java:429)
at org.testng.SuiteRunner.runSequentially(SuiteRunner.java:423)
at org.testng.SuiteRunner.privateRun(SuiteRunner.java:383)
at org.testng.SuiteRunner.run(SuiteRunner.java:326)
at org.testng.SuiteRunnerWorker.runSuite(SuiteRunnerWorker.java:52)
at org.testng.SuiteRunnerWorker.run(SuiteRunnerWorker.java:95)
at org.testng.TestNG.runSuitesSequentially(TestNG.java:1249)
at org.testng.TestNG.runSuitesLocally(TestNG.java:1169)
at org.testng.TestNG.runSuites(TestNG.java:1092)
at org.testng.TestNG.run(TestNG.java:1060)
at org.testng.remote.AbstractRemoteTestNG.run(AbstractRemoteTestNG.java:115)
at org.testng.remote.RemoteTestNG.initAndRun(RemoteTestNG.java:251)
at org.testng.remote.RemoteTestNG.main(RemoteTestNG.java:77)
]]>
    </error>
  </testcase> <!-- ActivateCourseOperations -->
  <system-out/>
  <testcase classname="mykademy.tests.MykademyTestSuite" name="DeleteCourseOperations" time="10.072"/>
  <system-out/>
</testsuite> <!-- mykademy.tests.MykademyTestSuite -->
